This is pdfTeX, Version 3.14159265-2.6-1.40.21 (TeX Live 2020/Debian) (preloaded format=pdflatex 2023.10.10)  28 NOV 2023 22:04
entering extended mode
 restricted \write18 enabled.
 %&-line parsing enabled.
**mmsothesis-mixSHH.tex
(./mmsothesis-mixSHH.tex
LaTeX2e <2020-10-01> patch level 4
L3 programming layer <2021-01-09> xparse <2020-03-03>
(/usr/share/texlive/texmf-dist/tex/latex/koma-script/scrreprt.cls
Document Class: scrreprt 2020/09/21 v3.32 KOMA-Script document class (report)
(/usr/share/texlive/texmf-dist/tex/latex/koma-script/scrkbase.sty
Package: scrkbase 2020/09/21 v3.32 KOMA-Script package (KOMA-Script-dependent b
asics and keyval usage)

(/usr/share/texlive/texmf-dist/tex/latex/koma-script/scrbase.sty
Package: scrbase 2020/09/21 v3.32 KOMA-Script package (KOMA-Script-independent 
basics and keyval usage)

(/usr/share/texlive/texmf-dist/tex/latex/koma-script/scrlfile.sty
Package: scrlfile 2020/09/21 v3.32 KOMA-Script package (file load hooks)

(/usr/share/texlive/texmf-dist/tex/latex/koma-script/scrlfile-hook.sty
Package: scrlfile-hook 2020/09/21 v3.32 KOMA-Script package (using LaTeX hooks)


LaTeX3 Info: Defining command \BeforeFile with sig. 'm' on line 61.


LaTeX3 Info: Defining command \AfterFile with sig. 'm' on line 65.


LaTeX3 Info: Defining command \BeforeClass with sig. 'm' on line 69.


LaTeX3 Info: Defining command \BeforePackage with sig. 'm' on line 73.


LaTeX3 Info: Defining command \AfterAtEndOfClass with sig. 'smo+m' on line 83.


LaTeX3 Info: Defining command \AfterAtEndOfPackage with sig. 'smo+m' on line
(LaTeX3)     93.


LaTeX3 Info: Defining command \scrlfile@AfterClass with sig. 'smo+m' on line
(LaTeX3)     173.


LaTeX3 Info: Defining command \AfterClass with sig. '' on line 174.


LaTeX3 Info: Defining command \scrlfile@AfterPackage with sig. 'smo+m' on line
(LaTeX3)     191.


LaTeX3 Info: Defining command \AfterPackage with sig. '' on line 192.


LaTeX3 Info: Defining command \ReplaceInput with sig. '' on line 193.


LaTeX3 Info: Defining command \ReplaceClass with sig. 'mm' on line 196.


LaTeX3 Info: Defining command \ReplacePackage with sig. 'mm' on line 199.


LaTeX3 Info: Defining command \UnReplaceInput with sig. '' on line 200.


LaTeX3 Info: Defining command \UnReplaceClass with sig. 'm' on line 203.


LaTeX3 Info: Defining command \UnReplacePackage with sig. 'mm' on line 206.


LaTeX3 Info: Defining command \PreventPackageFromLoading with sig. 's+om' on
(LaTeX3)     line 234.


LaTeX3 Info: Defining command \StorePreventPackageFromLoading with sig. 'm' on
(LaTeX3)     line 242.


LaTeX3 Info: Defining command \ResetPreventPackageFromLoading with sig. '' on
(LaTeX3)     line 247.


LaTeX3 Info: Defining command \UnPreventPackageFromLoading with sig. 'sm' on
(LaTeX3)     line 261.


LaTeX3 Info: Defining command \BeforeClosingMainAux with sig. 'om' on line
(LaTeX3)     274.


LaTeX3 Info: Defining command \AfterReadingMainAux with sig. 'om' on line 287.


LaTeX3 Info: Defining command \protected@immediate@write with sig. 'm+m+m' on
(LaTeX3)     line 298.


(/usr/share/texlive/texmf-dist/tex/latex/koma-script/scrlogo.sty
Package: scrlogo 2020/09/21 v3.32 KOMA-Script package (logo)
)))
(/usr/share/texlive/texmf-dist/tex/latex/graphics/keyval.sty
Package: keyval 2014/10/28 v1.15 key=value parser (DPC)
\KV@toks@=\toks15
)))
(/usr/share/texlive/texmf-dist/tex/latex/koma-script/tocbasic.sty
Package: tocbasic 2020/09/21 v3.32 KOMA-Script package (handling toc-files)
\scr@dte@tocline@numberwidth=\skip47
\scr@dte@tocline@numbox=\box47
)
Package tocbasic Info: babel extension for `toc' omitted
(tocbasic)             because of missing \bbl@set@language on input line 137.
Class scrreprt Info: File `scrsize11pt.clo' used to setup font sizes on input l
ine 2434.

(/usr/share/texlive/texmf-dist/tex/latex/koma-script/scrsize11pt.clo
File: scrsize11pt.clo 2020/09/21 v3.32 KOMA-Script font size class option (11pt
)
)
(/usr/share/texlive/texmf-dist/tex/latex/koma-script/typearea.sty
Package: typearea 2020/09/21 v3.32 KOMA-Script package (type area)
\ta@bcor=\skip48
\ta@div=\count177
\ta@hblk=\skip49
\ta@vblk=\skip50
\ta@temp=\skip51
\footheight=\skip52
Package typearea Info: These are the values describing the layout:
(typearea)             DIV  = 10
(typearea)             BCOR = 34.1433pt
(typearea)             \paperwidth      = 597.50793pt
(typearea)              \textwidth      = 394.35527pt
(typearea)              DIV departure   = 0%
(typearea)              \evensidemargin = 40.40292pt
(typearea)              \oddsidemargin  = 18.20976pt
(typearea)             \paperheight     = 845.04694pt
(typearea)              \textheight     = 595.80026pt
(typearea)              \topmargin      = -25.16531pt
(typearea)              \headheight     = 17.0pt
(typearea)              \headsep        = 20.40001pt
(typearea)              \topskip        = 11.0pt
(typearea)              \footskip       = 47.6pt
(typearea)              \baselineskip   = 13.6pt
(typearea)              on input line 1740.
)
\c@part=\count178
\c@chapter=\count179
\c@section=\count180
\c@subsection=\count181
\c@subsubsection=\count182
\c@paragraph=\count183
\c@subparagraph=\count184
\scr@dte@chapter@maxnumwidth=\skip53
Class scrreprt Info: using compatibility default `afterindent=bysign'
(scrreprt)           for `\chapter on input line 5627.
\scr@dte@section@maxnumwidth=\skip54
Class scrreprt Info: using compatibility default `runin=bysign'
(scrreprt)           for `\section on input line 5638.
Class scrreprt Info: using compatibility default `afterindent=bysign'
(scrreprt)           for `\section on input line 5638.
\scr@dte@part@maxnumwidth=\skip55
Class scrreprt Info: using compatibility default `afterindent=true'
(scrreprt)           for `\part on input line 5647.
\scr@dte@subsection@maxnumwidth=\skip56
Class scrreprt Info: using compatibility default `runin=bysign'
(scrreprt)           for `\subsection on input line 5657.
Class scrreprt Info: using compatibility default `afterindent=bysign'
(scrreprt)           for `\subsection on input line 5657.
\scr@dte@subsubsection@maxnumwidth=\skip57
Class scrreprt Info: using compatibility default `runin=bysign'
(scrreprt)           for `\subsubsection on input line 5667.
Class scrreprt Info: using compatibility default `afterindent=bysign'
(scrreprt)           for `\subsubsection on input line 5667.
\scr@dte@paragraph@maxnumwidth=\skip58
Class scrreprt Info: using compatibility default `runin=bysign'
(scrreprt)           for `\paragraph on input line 5678.
Class scrreprt Info: using compatibility default `afterindent=bysign'
(scrreprt)           for `\paragraph on input line 5678.
\scr@dte@subparagraph@maxnumwidth=\skip59
Class scrreprt Info: using compatibility default `runin=bysign'
(scrreprt)           for `\subparagraph on input line 5688.
Class scrreprt Info: using compatibility default `afterindent=bysign'
(scrreprt)           for `\subparagraph on input line 5688.
\abovecaptionskip=\skip60
\belowcaptionskip=\skip61
\c@pti@nb@sid@b@x=\box48
Package tocbasic Info: babel extension for `lof' omitted
(tocbasic)             because of missing \bbl@set@language on input line 6925.

\scr@dte@figure@maxnumwidth=\skip62
\c@figure=\count185
Package tocbasic Info: babel extension for `lot' omitted
(tocbasic)             because of missing \bbl@set@language on input line 6942.

\scr@dte@table@maxnumwidth=\skip63
\c@table=\count186
Class scrreprt Info: Redefining `\numberline' on input line 7111.
\bibindent=\dimen138
)
Package typearea Info: These are the values describing the layout:
(typearea)             DIV  = 12
(typearea)             BCOR = 34.1433pt
(typearea)             \paperwidth      = 597.50793pt
(typearea)              \textwidth      = 422.52348pt
(typearea)              DIV departure   = -7%
(typearea)              \evensidemargin = 21.62411pt
(typearea)              \oddsidemargin  = 8.82036pt
(typearea)             \paperheight     = 845.04694pt
(typearea)              \textheight     = 609.40027pt
(typearea)              \topmargin      = -1.84941pt
(typearea)              \headheight     = 17.0pt
(typearea)              \headsep        = 20.40001pt
(typearea)              \topskip        = 11.0pt
(typearea)              \footskip       = 47.6pt
(typearea)              \baselineskip   = 13.6pt
(typearea)              on input line 4.

(/usr/share/texlive/texmf-dist/tex/latex/base/inputenc.sty
Package: inputenc 2020/08/01 v1.3d Input encoding file
\inpenc@prehook=\toks16
\inpenc@posthook=\toks17
)
(/usr/share/texlive/texmf-dist/tex/generic/babel/babel.sty
Package: babel 2021/01/26 3.53 The Babel package

(/usr/share/texlive/texmf-dist/tex/generic/babel/babel.def
File: babel.def 2021/01/26 3.53 Babel common definitions
\babel@savecnt=\count187
\U@D=\dimen139
\l@babelnohyphens=\language5

(/usr/share/texlive/texmf-dist/tex/generic/babel/txtbabel.def)
\bbl@readstream=\read2
)
\bbl@dirlevel=\count188

(/usr/share/texlive/texmf-dist/tex/generic/babel-english/english.ldf
Language: english 2017/06/06 v3.3r English support from the babel system
Package babel Info: \l@canadian = using hyphenrules for english
(babel)             (\language0) on input line 102.
Package babel Info: \l@australian = using hyphenrules for ukenglish
(babel)             (\language3) on input line 105.
Package babel Info: \l@newzealand = using hyphenrules for ukenglish
(babel)             (\language3) on input line 108.
))
(/usr/share/texlive/texmf-dist/tex/latex/amsmath/amsmath.sty
Package: amsmath 2020/09/23 v2.17i AMS math features
\@mathmargin=\skip64

For additional information on amsmath, use the `?' option.
(/usr/share/texlive/texmf-dist/tex/latex/amsmath/amstext.sty
Package: amstext 2000/06/29 v2.01 AMS text

(/usr/share/texlive/texmf-dist/tex/latex/amsmath/amsgen.sty
File: amsgen.sty 1999/11/30 v2.0 generic functions
\@emptytoks=\toks18
\ex@=\dimen140
))
(/usr/share/texlive/texmf-dist/tex/latex/amsmath/amsbsy.sty
Package: amsbsy 1999/11/29 v1.2d Bold Symbols
\pmbraise@=\dimen141
)
(/usr/share/texlive/texmf-dist/tex/latex/amsmath/amsopn.sty
Package: amsopn 2016/03/08 v2.02 operator names
)
\inf@bad=\count189
LaTeX Info: Redefining \frac on input line 234.
\uproot@=\count190
\leftroot@=\count191
LaTeX Info: Redefining \overline on input line 399.
\classnum@=\count192
\DOTSCASE@=\count193
LaTeX Info: Redefining \ldots on input line 496.
LaTeX Info: Redefining \dots on input line 499.
LaTeX Info: Redefining \cdots on input line 620.
\Mathstrutbox@=\box49
\strutbox@=\box50
\big@size=\dimen142
LaTeX Font Info:    Redeclaring font encoding OML on input line 743.
LaTeX Font Info:    Redeclaring font encoding OMS on input line 744.
\macc@depth=\count194
\c@MaxMatrixCols=\count195
\dotsspace@=\muskip16
\c@parentequation=\count196
\dspbrk@lvl=\count197
\tag@help=\toks19
\row@=\count198
\column@=\count199
\maxfields@=\count266
\andhelp@=\toks20
\eqnshift@=\dimen143
\alignsep@=\dimen144
\tagshift@=\dimen145
\tagwidth@=\dimen146
\totwidth@=\dimen147
\lineht@=\dimen148
\@envbody=\toks21
\multlinegap=\skip65
\multlinetaggap=\skip66
\mathdisplay@stack=\toks22
LaTeX Info: Redefining \[ on input line 2923.
LaTeX Info: Redefining \] on input line 2924.
)
(/usr/share/texlive/texmf-dist/tex/latex/amscls/amsthm.sty
Package: amsthm 2020/05/29 v2.20.6
\thm@style=\toks23
\thm@bodyfont=\toks24
\thm@headfont=\toks25
\thm@notefont=\toks26
\thm@headpunct=\toks27
\thm@preskip=\skip67
\thm@postskip=\skip68
\thm@headsep=\skip69
\dth@everypar=\toks28
)
(/usr/share/texlive/texmf-dist/tex/latex/xpatch/xpatch.sty
(/usr/share/texlive/texmf-dist/tex/latex/l3kernel/expl3.sty
Package: expl3 2021-01-09 L3 programming layer (loader) 

(/usr/share/texlive/texmf-dist/tex/latex/l3backend/l3backend-pdftex.def
File: l3backend-pdftex.def 2020-01-29 L3 backend support: PDF output (pdfTeX)
\l__color_backend_stack_int=\count267
\l__pdf_internal_box=\box51
))
Package: xpatch 2020/03/25 v0.3a Extending etoolbox patching commands

(/usr/share/texlive/texmf-dist/tex/latex/l3packages/xparse/xparse.sty
Package: xparse 2020-10-27 L3 Experimental document command parser

(/usr/share/texlive/texmf-dist/tex/latex/l3packages/xparse/xparse-generic.tex))
(/usr/share/texlive/texmf-dist/tex/latex/etoolbox/etoolbox.sty
Package: etoolbox 2020/10/05 v2.5k e-TeX tools for LaTeX (JAW)
\etb@tempcnta=\count268
))
Class scrreprt Info: amsthm's \deferred@thm@head patched.

(/usr/share/texlive/texmf-dist/tex/latex/amsfonts/amssymb.sty
Package: amssymb 2013/01/14 v3.01 AMS font symbols

(/usr/share/texlive/texmf-dist/tex/latex/amsfonts/amsfonts.sty
Package: amsfonts 2013/01/14 v3.01 Basic AMSFonts support
\symAMSa=\mathgroup4
\symAMSb=\mathgroup5
LaTeX Font Info:    Redeclaring math symbol \hbar on input line 98.
LaTeX Font Info:    Overwriting math alphabet `\mathfrak' in version `bold'
(Font)                  U/euf/m/n --> U/euf/b/n on input line 106.
))

Class scrreprt Warning: Usage of package `tocloft' together
(scrreprt)              with a KOMA-Script class is not recommended.
(scrreprt)              I'd suggest to use options like `listof=entryprefix',
(scrreprt)              commands like `\listoflofentryname' or
(scrreprt)              `\listoflotentryname', and `\DeclareTOCStyleEntry' or
(scrreprt)              `\RedeclareSectionCommand' instead of this package,
(scrreprt)              because it breaks several KOMA-Script features of
(scrreprt)              the list of figures, list of tables and table of
(scrreprt)              contents, i.e., options like `listof=numbered',
(scrreprt)              `listof=flat or `toc=flat', commands like
(scrreprt)              `\BeforeTOCHead{...}' and `\AfterTOCHead{...}',
(scrreprt)              `\BeforeStartingTOC{...}' and \AfterStartingTOC{...}',
(scrreprt)              all features of `\DeclareTOCStyleEntry',
(scrreprt)              and the ToC entry features of `\DeclareSecionCommand'
(scrreprt)              and `\RedeclareSectionCommand' of levels
(scrreprt)              `part', `section', `subsection',
(scrreprt)              `subsubsection', `paragraph' and `subparagraph'.
(scrreprt)              Nevertheless, using requested
(scrreprt)              package `tocloft' on input line 11.

(/usr/share/texlive/texmf-dist/tex/latex/tocloft/tocloft.sty
Package: tocloft 2017/08/31 v2.3i parameterised ToC, etc., typesetting
Package tocloft Info: The document has chapter divisions on input line 51.
\cftparskip=\skip70
\cftbeforetoctitleskip=\skip71
\cftaftertoctitleskip=\skip72
\cftbeforepartskip=\skip73
\cftpartnumwidth=\skip74
\cftpartindent=\skip75
\cftbeforechapskip=\skip76
\cftchapindent=\skip77
\cftchapnumwidth=\skip78
\cftbeforesecskip=\skip79
\cftsecindent=\skip80
\cftsecnumwidth=\skip81
\cftbeforesubsecskip=\skip82
\cftsubsecindent=\skip83
\cftsubsecnumwidth=\skip84
\cftbeforesubsubsecskip=\skip85
\cftsubsubsecindent=\skip86
\cftsubsubsecnumwidth=\skip87
\cftbeforeparaskip=\skip88
\cftparaindent=\skip89
\cftparanumwidth=\skip90
\cftbeforesubparaskip=\skip91
\cftsubparaindent=\skip92
\cftsubparanumwidth=\skip93
\cftbeforeloftitleskip=\skip94
\cftafterloftitleskip=\skip95
\cftbeforefigskip=\skip96
\cftfigindent=\skip97
\cftfignumwidth=\skip98
\c@lofdepth=\count269
\c@lotdepth=\count270
\cftbeforelottitleskip=\skip99
\cftafterlottitleskip=\skip100
\cftbeforetabskip=\skip101
\cfttabindent=\skip102
\cfttabnumwidth=\skip103
)
(/usr/share/texlive/texmf-dist/tex/latex/graphics/graphicx.sty
Package: graphicx 2020/09/09 v1.2b Enhanced LaTeX Graphics (DPC,SPQR)

(/usr/share/texlive/texmf-dist/tex/latex/graphics/graphics.sty
Package: graphics 2020/08/30 v1.4c Standard LaTeX Graphics (DPC,SPQR)

(/usr/share/texlive/texmf-dist/tex/latex/graphics/trig.sty
Package: trig 2016/01/03 v1.10 sin cos tan (DPC)
)
(/usr/share/texlive/texmf-dist/tex/latex/graphics-cfg/graphics.cfg
File: graphics.cfg 2016/06/04 v1.11 sample graphics configuration
)
Package graphics Info: Driver file: pdftex.def on input line 105.

(/usr/share/texlive/texmf-dist/tex/latex/graphics-def/pdftex.def
File: pdftex.def 2020/10/05 v1.2a Graphics/color driver for pdftex
))
\Gin@req@height=\dimen149
\Gin@req@width=\dimen150
)
(/usr/share/texlive/texmf-dist/tex/latex/pgf/frontendlayer/tikz.sty
(/usr/share/texlive/texmf-dist/tex/latex/pgf/basiclayer/pgf.sty
(/usr/share/texlive/texmf-dist/tex/latex/pgf/utilities/pgfrcs.sty
(/usr/share/texlive/texmf-dist/tex/generic/pgf/utilities/pgfutil-common.tex
\pgfutil@everybye=\toks29
\pgfutil@tempdima=\dimen151
\pgfutil@tempdimb=\dimen152

(/usr/share/texlive/texmf-dist/tex/generic/pgf/utilities/pgfutil-common-lists.t
ex)) (/usr/share/texlive/texmf-dist/tex/generic/pgf/utilities/pgfutil-latex.def
\pgfutil@abb=\box52
) (/usr/share/texlive/texmf-dist/tex/generic/pgf/utilities/pgfrcs.code.tex
(/usr/share/texlive/texmf-dist/tex/generic/pgf/pgf.revision.tex)
Package: pgfrcs 2020/12/27 v3.1.8b (3.1.8b)
))
Package: pgf 2020/12/27 v3.1.8b (3.1.8b)

(/usr/share/texlive/texmf-dist/tex/latex/pgf/basiclayer/pgfcore.sty
(/usr/share/texlive/texmf-dist/tex/latex/pgf/systemlayer/pgfsys.sty
(/usr/share/texlive/texmf-dist/tex/generic/pgf/systemlayer/pgfsys.code.tex
Package: pgfsys 2020/12/27 v3.1.8b (3.1.8b)

(/usr/share/texlive/texmf-dist/tex/generic/pgf/utilities/pgfkeys.code.tex
\pgfkeys@pathtoks=\toks30
\pgfkeys@temptoks=\toks31

(/usr/share/texlive/texmf-dist/tex/generic/pgf/utilities/pgfkeysfiltered.code.t
ex
\pgfkeys@tmptoks=\toks32
))
\pgf@x=\dimen153
\pgf@y=\dimen154
\pgf@xa=\dimen155
\pgf@ya=\dimen156
\pgf@xb=\dimen157
\pgf@yb=\dimen158
\pgf@xc=\dimen159
\pgf@yc=\dimen160
\pgf@xd=\dimen161
\pgf@yd=\dimen162
\w@pgf@writea=\write3
\r@pgf@reada=\read3
\c@pgf@counta=\count271
\c@pgf@countb=\count272
\c@pgf@countc=\count273
\c@pgf@countd=\count274
\t@pgf@toka=\toks33
\t@pgf@tokb=\toks34
\t@pgf@tokc=\toks35
\pgf@sys@id@count=\count275
 (/usr/share/texlive/texmf-dist/tex/generic/pgf/systemlayer/pgf.cfg
File: pgf.cfg 2020/12/27 v3.1.8b (3.1.8b)
)
Driver file for pgf: pgfsys-pdftex.def

(/usr/share/texlive/texmf-dist/tex/generic/pgf/systemlayer/pgfsys-pdftex.def
File: pgfsys-pdftex.def 2020/12/27 v3.1.8b (3.1.8b)

(/usr/share/texlive/texmf-dist/tex/generic/pgf/systemlayer/pgfsys-common-pdf.de
f
File: pgfsys-common-pdf.def 2020/12/27 v3.1.8b (3.1.8b)
)))
(/usr/share/texlive/texmf-dist/tex/generic/pgf/systemlayer/pgfsyssoftpath.code.
tex
File: pgfsyssoftpath.code.tex 2020/12/27 v3.1.8b (3.1.8b)
\pgfsyssoftpath@smallbuffer@items=\count276
\pgfsyssoftpath@bigbuffer@items=\count277
)
(/usr/share/texlive/texmf-dist/tex/generic/pgf/systemlayer/pgfsysprotocol.code.
tex
File: pgfsysprotocol.code.tex 2020/12/27 v3.1.8b (3.1.8b)
)) (/usr/share/texlive/texmf-dist/tex/latex/xcolor/xcolor.sty
Package: xcolor 2016/05/11 v2.12 LaTeX color extensions (UK)

(/usr/share/texlive/texmf-dist/tex/latex/graphics-cfg/color.cfg
File: color.cfg 2016/01/02 v1.6 sample color configuration
)
Package xcolor Info: Driver file: pdftex.def on input line 225.
Package xcolor Info: Model `cmy' substituted by `cmy0' on input line 1348.
Package xcolor Info: Model `hsb' substituted by `rgb' on input line 1352.
Package xcolor Info: Model `RGB' extended on input line 1364.
Package xcolor Info: Model `HTML' substituted by `rgb' on input line 1366.
Package xcolor Info: Model `Hsb' substituted by `hsb' on input line 1367.
Package xcolor Info: Model `tHsb' substituted by `hsb' on input line 1368.
Package xcolor Info: Model `HSB' substituted by `hsb' on input line 1369.
Package xcolor Info: Model `Gray' substituted by `gray' on input line 1370.
Package xcolor Info: Model `wave' substituted by `hsb' on input line 1371.
)
(/usr/share/texlive/texmf-dist/tex/generic/pgf/basiclayer/pgfcore.code.tex
Package: pgfcore 2020/12/27 v3.1.8b (3.1.8b)

(/usr/share/texlive/texmf-dist/tex/generic/pgf/math/pgfmath.code.tex
(/usr/share/texlive/texmf-dist/tex/generic/pgf/math/pgfmathcalc.code.tex
(/usr/share/texlive/texmf-dist/tex/generic/pgf/math/pgfmathutil.code.tex)
(/usr/share/texlive/texmf-dist/tex/generic/pgf/math/pgfmathparser.code.tex
\pgfmath@dimen=\dimen163
\pgfmath@count=\count278
\pgfmath@box=\box53
\pgfmath@toks=\toks36
\pgfmath@stack@operand=\toks37
\pgfmath@stack@operation=\toks38
)
(/usr/share/texlive/texmf-dist/tex/generic/pgf/math/pgfmathfunctions.code.tex
(/usr/share/texlive/texmf-dist/tex/generic/pgf/math/pgfmathfunctions.basic.code
.tex)
(/usr/share/texlive/texmf-dist/tex/generic/pgf/math/pgfmathfunctions.trigonomet
ric.code.tex)
(/usr/share/texlive/texmf-dist/tex/generic/pgf/math/pgfmathfunctions.random.cod
e.tex)
(/usr/share/texlive/texmf-dist/tex/generic/pgf/math/pgfmathfunctions.comparison
.code.tex)
(/usr/share/texlive/texmf-dist/tex/generic/pgf/math/pgfmathfunctions.base.code.
tex)
(/usr/share/texlive/texmf-dist/tex/generic/pgf/math/pgfmathfunctions.round.code
.tex)
(/usr/share/texlive/texmf-dist/tex/generic/pgf/math/pgfmathfunctions.misc.code.
tex)
(/usr/share/texlive/texmf-dist/tex/generic/pgf/math/pgfmathfunctions.integerari
thmetics.code.tex)))
(/usr/share/texlive/texmf-dist/tex/generic/pgf/math/pgfmathfloat.code.tex
\c@pgfmathroundto@lastzeros=\count279
))
(/usr/share/texlive/texmf-dist/tex/generic/pgf/math/pgfint.code.tex)
(/usr/share/texlive/texmf-dist/tex/generic/pgf/basiclayer/pgfcorepoints.code.te
x
File: pgfcorepoints.code.tex 2020/12/27 v3.1.8b (3.1.8b)
\pgf@picminx=\dimen164
\pgf@picmaxx=\dimen165
\pgf@picminy=\dimen166
\pgf@picmaxy=\dimen167
\pgf@pathminx=\dimen168
\pgf@pathmaxx=\dimen169
\pgf@pathminy=\dimen170
\pgf@pathmaxy=\dimen171
\pgf@xx=\dimen172
\pgf@xy=\dimen173
\pgf@yx=\dimen174
\pgf@yy=\dimen175
\pgf@zx=\dimen176
\pgf@zy=\dimen177
)
(/usr/share/texlive/texmf-dist/tex/generic/pgf/basiclayer/pgfcorepathconstruct.
code.tex
File: pgfcorepathconstruct.code.tex 2020/12/27 v3.1.8b (3.1.8b)
\pgf@path@lastx=\dimen178
\pgf@path@lasty=\dimen179
)
(/usr/share/texlive/texmf-dist/tex/generic/pgf/basiclayer/pgfcorepathusage.code
.tex
File: pgfcorepathusage.code.tex 2020/12/27 v3.1.8b (3.1.8b)
\pgf@shorten@end@additional=\dimen180
\pgf@shorten@start@additional=\dimen181
)
(/usr/share/texlive/texmf-dist/tex/generic/pgf/basiclayer/pgfcorescopes.code.te
x
File: pgfcorescopes.code.tex 2020/12/27 v3.1.8b (3.1.8b)
\pgfpic=\box54
\pgf@hbox=\box55
\pgf@layerbox@main=\box56
\pgf@picture@serial@count=\count280
)
(/usr/share/texlive/texmf-dist/tex/generic/pgf/basiclayer/pgfcoregraphicstate.c
ode.tex
File: pgfcoregraphicstate.code.tex 2020/12/27 v3.1.8b (3.1.8b)
\pgflinewidth=\dimen182
)
(/usr/share/texlive/texmf-dist/tex/generic/pgf/basiclayer/pgfcoretransformation
s.code.tex
File: pgfcoretransformations.code.tex 2020/12/27 v3.1.8b (3.1.8b)
\pgf@pt@x=\dimen183
\pgf@pt@y=\dimen184
\pgf@pt@temp=\dimen185
)
(/usr/share/texlive/texmf-dist/tex/generic/pgf/basiclayer/pgfcorequick.code.tex
File: pgfcorequick.code.tex 2020/12/27 v3.1.8b (3.1.8b)
)
(/usr/share/texlive/texmf-dist/tex/generic/pgf/basiclayer/pgfcoreobjects.code.t
ex
File: pgfcoreobjects.code.tex 2020/12/27 v3.1.8b (3.1.8b)
)
(/usr/share/texlive/texmf-dist/tex/generic/pgf/basiclayer/pgfcorepathprocessing
.code.tex
File: pgfcorepathprocessing.code.tex 2020/12/27 v3.1.8b (3.1.8b)
)
(/usr/share/texlive/texmf-dist/tex/generic/pgf/basiclayer/pgfcorearrows.code.te
x
File: pgfcorearrows.code.tex 2020/12/27 v3.1.8b (3.1.8b)
\pgfarrowsep=\dimen186
)
(/usr/share/texlive/texmf-dist/tex/generic/pgf/basiclayer/pgfcoreshade.code.tex
File: pgfcoreshade.code.tex 2020/12/27 v3.1.8b (3.1.8b)
\pgf@max=\dimen187
\pgf@sys@shading@range@num=\count281
\pgf@shadingcount=\count282
)
(/usr/share/texlive/texmf-dist/tex/generic/pgf/basiclayer/pgfcoreimage.code.tex
File: pgfcoreimage.code.tex 2020/12/27 v3.1.8b (3.1.8b)

(/usr/share/texlive/texmf-dist/tex/generic/pgf/basiclayer/pgfcoreexternal.code.
tex
File: pgfcoreexternal.code.tex 2020/12/27 v3.1.8b (3.1.8b)
\pgfexternal@startupbox=\box57
))
(/usr/share/texlive/texmf-dist/tex/generic/pgf/basiclayer/pgfcorelayers.code.te
x
File: pgfcorelayers.code.tex 2020/12/27 v3.1.8b (3.1.8b)
)
(/usr/share/texlive/texmf-dist/tex/generic/pgf/basiclayer/pgfcoretransparency.c
ode.tex
File: pgfcoretransparency.code.tex 2020/12/27 v3.1.8b (3.1.8b)
)
(/usr/share/texlive/texmf-dist/tex/generic/pgf/basiclayer/pgfcorepatterns.code.
tex
File: pgfcorepatterns.code.tex 2020/12/27 v3.1.8b (3.1.8b)
)
(/usr/share/texlive/texmf-dist/tex/generic/pgf/basiclayer/pgfcorerdf.code.tex
File: pgfcorerdf.code.tex 2020/12/27 v3.1.8b (3.1.8b)
)))
(/usr/share/texlive/texmf-dist/tex/generic/pgf/modules/pgfmoduleshapes.code.tex
File: pgfmoduleshapes.code.tex 2020/12/27 v3.1.8b (3.1.8b)
\pgfnodeparttextbox=\box58
) (/usr/share/texlive/texmf-dist/tex/generic/pgf/modules/pgfmoduleplot.code.tex
File: pgfmoduleplot.code.tex 2020/12/27 v3.1.8b (3.1.8b)
)
(/usr/share/texlive/texmf-dist/tex/latex/pgf/compatibility/pgfcomp-version-0-65
.sty
Package: pgfcomp-version-0-65 2020/12/27 v3.1.8b (3.1.8b)
\pgf@nodesepstart=\dimen188
\pgf@nodesepend=\dimen189
)
(/usr/share/texlive/texmf-dist/tex/latex/pgf/compatibility/pgfcomp-version-1-18
.sty
Package: pgfcomp-version-1-18 2020/12/27 v3.1.8b (3.1.8b)
)) (/usr/share/texlive/texmf-dist/tex/latex/pgf/utilities/pgffor.sty
(/usr/share/texlive/texmf-dist/tex/latex/pgf/utilities/pgfkeys.sty
(/usr/share/texlive/texmf-dist/tex/generic/pgf/utilities/pgfkeys.code.tex))
(/usr/share/texlive/texmf-dist/tex/latex/pgf/math/pgfmath.sty
(/usr/share/texlive/texmf-dist/tex/generic/pgf/math/pgfmath.code.tex))
(/usr/share/texlive/texmf-dist/tex/generic/pgf/utilities/pgffor.code.tex
Package: pgffor 2020/12/27 v3.1.8b (3.1.8b)

(/usr/share/texlive/texmf-dist/tex/generic/pgf/math/pgfmath.code.tex)
\pgffor@iter=\dimen190
\pgffor@skip=\dimen191
\pgffor@stack=\toks39
\pgffor@toks=\toks40
))
(/usr/share/texlive/texmf-dist/tex/generic/pgf/frontendlayer/tikz/tikz.code.tex
Package: tikz 2020/12/27 v3.1.8b (3.1.8b)

(/usr/share/texlive/texmf-dist/tex/generic/pgf/libraries/pgflibraryplothandlers
.code.tex
File: pgflibraryplothandlers.code.tex 2020/12/27 v3.1.8b (3.1.8b)
\pgf@plot@mark@count=\count283
\pgfplotmarksize=\dimen192
)
\tikz@lastx=\dimen193
\tikz@lasty=\dimen194
\tikz@lastxsaved=\dimen195
\tikz@lastysaved=\dimen196
\tikz@lastmovetox=\dimen197
\tikz@lastmovetoy=\dimen198
\tikzleveldistance=\dimen199
\tikzsiblingdistance=\dimen256
\tikz@figbox=\box59
\tikz@figbox@bg=\box60
\tikz@tempbox=\box61
\tikz@tempbox@bg=\box62
\tikztreelevel=\count284
\tikznumberofchildren=\count285
\tikznumberofcurrentchild=\count286
\tikz@fig@count=\count287

(/usr/share/texlive/texmf-dist/tex/generic/pgf/modules/pgfmodulematrix.code.tex
File: pgfmodulematrix.code.tex 2020/12/27 v3.1.8b (3.1.8b)
\pgfmatrixcurrentrow=\count288
\pgfmatrixcurrentcolumn=\count289
\pgf@matrix@numberofcolumns=\count290
)
\tikz@expandcount=\count291

(/usr/share/texlive/texmf-dist/tex/generic/pgf/frontendlayer/tikz/libraries/tik
zlibrarytopaths.code.tex
File: tikzlibrarytopaths.code.tex 2020/12/27 v3.1.8b (3.1.8b)
)))
(/usr/share/texlive/texmf-dist/tex/generic/pgf/frontendlayer/tikz/libraries/tik
zlibrarypositioning.code.tex
File: tikzlibrarypositioning.code.tex 2020/12/27 v3.1.8b (3.1.8b)
)
(/usr/share/texlive/texmf-dist/tex/generic/pgf/frontendlayer/tikz/libraries/tik
zlibraryarrows.code.tex
File: tikzlibraryarrows.code.tex 2020/12/27 v3.1.8b (3.1.8b)

(/usr/share/texlive/texmf-dist/tex/generic/pgf/libraries/pgflibraryarrows.code.
tex
File: pgflibraryarrows.code.tex 2020/12/27 v3.1.8b (3.1.8b)
\arrowsize=\dimen257
)) (/usr/share/texlive/texmf-dist/tex/latex/pgfplots/pgfplots.sty
(/usr/share/texlive/texmf-dist/tex/generic/pgfplots/pgfplots.revision.tex)
Package: pgfplots 2020/02/29 v1.17 Data Visualization (1.17)

(/usr/share/texlive/texmf-dist/tex/generic/pgfplots/pgfplots.code.tex
(/usr/share/texlive/texmf-dist/tex/generic/pgfplots/pgfplotscore.code.tex
\t@pgfplots@toka=\toks41
\t@pgfplots@tokb=\toks42
\t@pgfplots@tokc=\toks43
\pgfplots@tmpa=\dimen258
\c@pgfplots@coordindex=\count292
\c@pgfplots@scanlineindex=\count293

(/usr/share/texlive/texmf-dist/tex/generic/pgfplots/sys/pgfplotssysgeneric.code
.tex))
(/usr/share/texlive/texmf-dist/tex/generic/pgfplots/libs/pgfplotslibrary.code.t
ex)
(/usr/share/texlive/texmf-dist/tex/generic/pgfplots/oldpgfcompatib/pgfplotsoldp
gfsupp_loader.code.tex
(/usr/share/texlive/texmf-dist/tex/generic/pgf/libraries/pgflibraryfpu.code.tex
))
(/usr/share/texlive/texmf-dist/tex/generic/pgfplots/util/pgfplotsutil.code.tex
(/usr/share/texlive/texmf-dist/tex/generic/pgfplots/liststructure/pgfplotslists
tructure.code.tex)
(/usr/share/texlive/texmf-dist/tex/generic/pgfplots/liststructure/pgfplotslists
tructureext.code.tex)
(/usr/share/texlive/texmf-dist/tex/generic/pgfplots/liststructure/pgfplotsarray
.code.tex
\c@pgfplotsarray@tmp=\count294
)
(/usr/share/texlive/texmf-dist/tex/generic/pgfplots/liststructure/pgfplotsmatri
x.code.tex)
(/usr/share/texlive/texmf-dist/tex/generic/pgfplots/numtable/pgfplotstableshare
d.code.tex
\c@pgfplotstable@counta=\count295
\t@pgfplotstable@a=\toks44
)
(/usr/share/texlive/texmf-dist/tex/generic/pgfplots/liststructure/pgfplotsdeque
.code.tex)
(/usr/share/texlive/texmf-dist/tex/generic/pgfplots/util/pgfplotsbinary.code.te
x
(/usr/share/texlive/texmf-dist/tex/generic/pgfplots/util/pgfplotsbinary.data.co
de.tex))
(/usr/share/texlive/texmf-dist/tex/generic/pgfplots/util/pgfplotsutil.verb.code
.tex)
(/usr/share/texlive/texmf-dist/tex/generic/pgfplots/libs/pgflibrarypgfplots.sur
fshading.code.tex
\c@pgfplotslibrarysurf@no=\count296

(/usr/share/texlive/texmf-dist/tex/generic/pgfplots/sys/pgflibrarypgfplots.surf
shading.pgfsys-pdftex.def)))
(/usr/share/texlive/texmf-dist/tex/generic/pgfplots/util/pgfplotscolormap.code.
tex
(/usr/share/texlive/texmf-dist/tex/generic/pgfplots/util/pgfplotscolor.code.tex
))
(/usr/share/texlive/texmf-dist/tex/generic/pgfplots/pgfplotsstackedplots.code.t
ex)
(/usr/share/texlive/texmf-dist/tex/generic/pgfplots/pgfplotsplothandlers.code.t
ex
(/usr/share/texlive/texmf-dist/tex/generic/pgfplots/pgfplotsmeshplothandler.cod
e.tex
(/usr/share/texlive/texmf-dist/tex/generic/pgfplots/pgfplotsmeshplotimage.code.
tex)))
(/usr/share/texlive/texmf-dist/tex/generic/pgfplots/pgfplots.scaling.code.tex)
(/usr/share/texlive/texmf-dist/tex/generic/pgfplots/pgfplotscoordprocessing.cod
e.tex)
(/usr/share/texlive/texmf-dist/tex/generic/pgfplots/pgfplots.errorbars.code.tex
) (/usr/share/texlive/texmf-dist/tex/generic/pgfplots/pgfplots.markers.code.tex
) (/usr/share/texlive/texmf-dist/tex/generic/pgfplots/pgfplotsticks.code.tex)
(/usr/share/texlive/texmf-dist/tex/generic/pgfplots/pgfplots.paths.code.tex)
(/usr/share/texlive/texmf-dist/tex/generic/pgf/frontendlayer/tikz/libraries/tik
zlibrarydecorations.code.tex
(/usr/share/texlive/texmf-dist/tex/generic/pgf/modules/pgfmoduledecorations.cod
e.tex
\pgfdecoratedcompleteddistance=\dimen259
\pgfdecoratedremainingdistance=\dimen260
\pgfdecoratedinputsegmentcompleteddistance=\dimen261
\pgfdecoratedinputsegmentremainingdistance=\dimen262
\pgf@decorate@distancetomove=\dimen263
\pgf@decorate@repeatstate=\count297
\pgfdecorationsegmentamplitude=\dimen264
\pgfdecorationsegmentlength=\dimen265
)
\tikz@lib@dec@box=\box63
)
(/usr/share/texlive/texmf-dist/tex/generic/pgf/frontendlayer/tikz/libraries/tik
zlibrarydecorations.pathmorphing.code.tex
(/usr/share/texlive/texmf-dist/tex/generic/pgf/libraries/decorations/pgflibrary
decorations.pathmorphing.code.tex))
(/usr/share/texlive/texmf-dist/tex/generic/pgf/frontendlayer/tikz/libraries/tik
zlibrarydecorations.pathreplacing.code.tex
(/usr/share/texlive/texmf-dist/tex/generic/pgf/libraries/decorations/pgflibrary
decorations.pathreplacing.code.tex))
\pgfplots@numplots=\count298
\pgfplots@xmin@reg=\dimen266
\pgfplots@xmax@reg=\dimen267
\pgfplots@ymin@reg=\dimen268
\pgfplots@ymax@reg=\dimen269
\pgfplots@zmin@reg=\dimen270
\pgfplots@zmax@reg=\dimen271
)
(/usr/share/texlive/texmf-dist/tex/generic/pgf/frontendlayer/tikz/libraries/tik
zlibraryplotmarks.code.tex
File: tikzlibraryplotmarks.code.tex 2020/12/27 v3.1.8b (3.1.8b)

(/usr/share/texlive/texmf-dist/tex/generic/pgf/libraries/pgflibraryplotmarks.co
de.tex
File: pgflibraryplotmarks.code.tex 2020/12/27 v3.1.8b (3.1.8b)
))) (/usr/share/texlive/texmf-dist/tex/latex/eurosym/eurosym.sty
Package: eurosym 1998/08/06 v1.1 European currency symbol ``Euro''
\@eurobox=\box64
)
(/usr/share/texlive/texmf-dist/tex/latex/hyperref/hyperref.sty
Package: hyperref 2020-05-15 v7.00e Hypertext links for LaTeX

(/usr/share/texlive/texmf-dist/tex/generic/ltxcmds/ltxcmds.sty
Package: ltxcmds 2020-05-10 v1.25 LaTeX kernel commands for general use (HO)
)
(/usr/share/texlive/texmf-dist/tex/generic/iftex/iftex.sty
Package: iftex 2020/03/06 v1.0d TeX engine tests
)
(/usr/share/texlive/texmf-dist/tex/generic/pdftexcmds/pdftexcmds.sty
Package: pdftexcmds 2020-06-27 v0.33 Utility functions of pdfTeX for LuaTeX (HO
)

(/usr/share/texlive/texmf-dist/tex/generic/infwarerr/infwarerr.sty
Package: infwarerr 2019/12/03 v1.5 Providing info/warning/error messages (HO)
)
Package pdftexcmds Info: \pdf@primitive is available.
Package pdftexcmds Info: \pdf@ifprimitive is available.
Package pdftexcmds Info: \pdfdraftmode found.
)
(/usr/share/texlive/texmf-dist/tex/generic/kvsetkeys/kvsetkeys.sty
Package: kvsetkeys 2019/12/15 v1.18 Key value parser (HO)
)
(/usr/share/texlive/texmf-dist/tex/generic/kvdefinekeys/kvdefinekeys.sty
Package: kvdefinekeys 2019-12-19 v1.6 Define keys (HO)
)
(/usr/share/texlive/texmf-dist/tex/generic/pdfescape/pdfescape.sty
Package: pdfescape 2019/12/09 v1.15 Implements pdfTeX's escape features (HO)
)
(/usr/share/texlive/texmf-dist/tex/latex/hycolor/hycolor.sty
Package: hycolor 2020-01-27 v1.10 Color options for hyperref/bookmark (HO)
)
(/usr/share/texlive/texmf-dist/tex/latex/letltxmacro/letltxmacro.sty
Package: letltxmacro 2019/12/03 v1.6 Let assignment for LaTeX macros (HO)
)
(/usr/share/texlive/texmf-dist/tex/latex/auxhook/auxhook.sty
Package: auxhook 2019-12-17 v1.6 Hooks for auxiliary files (HO)
)
(/usr/share/texlive/texmf-dist/tex/latex/kvoptions/kvoptions.sty
Package: kvoptions 2020-10-07 v3.14 Key value format for package options (HO)
)
\@linkdim=\dimen272
\Hy@linkcounter=\count299
\Hy@pagecounter=\count300

(/usr/share/texlive/texmf-dist/tex/latex/hyperref/pd1enc.def
File: pd1enc.def 2020-05-15 v7.00e Hyperref: PDFDocEncoding definition (HO)
Now handling font encoding PD1 ...
... no UTF-8 mapping file for font encoding PD1
)
(/usr/share/texlive/texmf-dist/tex/generic/intcalc/intcalc.sty
Package: intcalc 2019/12/15 v1.3 Expandable calculations with integers (HO)
)
(/usr/share/texlive/texmf-dist/tex/generic/etexcmds/etexcmds.sty
Package: etexcmds 2019/12/15 v1.7 Avoid name clashes with e-TeX commands (HO)
)
\Hy@SavedSpaceFactor=\count301
Package hyperref Info: Hyper figures OFF on input line 4464.
Package hyperref Info: Link nesting OFF on input line 4469.
Package hyperref Info: Hyper index ON on input line 4472.
Package hyperref Info: Plain pages OFF on input line 4479.
Package hyperref Info: Backreferencing OFF on input line 4484.
Package hyperref Info: Implicit mode ON; LaTeX internals redefined.
Package hyperref Info: Bookmarks ON on input line 4717.
\c@Hy@tempcnt=\count302

(/usr/share/texlive/texmf-dist/tex/latex/url/url.sty
\Urlmuskip=\muskip17
Package: url 2013/09/16  ver 3.4  Verb mode for urls, etc.
)
LaTeX Info: Redefining \url on input line 5076.
\XeTeXLinkMargin=\dimen273

(/usr/share/texlive/texmf-dist/tex/generic/bitset/bitset.sty
Package: bitset 2019/12/09 v1.3 Handle bit-vector datatype (HO)

(/usr/share/texlive/texmf-dist/tex/generic/bigintcalc/bigintcalc.sty
Package: bigintcalc 2019/12/15 v1.5 Expandable calculations on big integers (HO
)
))
\Fld@menulength=\count303
\Field@Width=\dimen274
\Fld@charsize=\dimen275
Package hyperref Info: Hyper figures OFF on input line 6347.
Package hyperref Info: Link nesting OFF on input line 6352.
Package hyperref Info: Hyper index ON on input line 6355.
Package hyperref Info: backreferencing OFF on input line 6362.
Package hyperref Info: Link coloring OFF on input line 6367.
Package hyperref Info: Link coloring with OCG OFF on input line 6372.
Package hyperref Info: PDF/A mode OFF on input line 6377.
LaTeX Info: Redefining \ref on input line 6417.
LaTeX Info: Redefining \pageref on input line 6421.

(/usr/share/texlive/texmf-dist/tex/latex/base/atbegshi-ltx.sty
Package: atbegshi-ltx 2020/08/17 v1.0a Emulation of the original atbegshi packa
ge
with kernel methods
)
\Hy@abspage=\count304
\c@Item=\count305
\c@Hfootnote=\count306
)
Package hyperref Info: Driver (autodetected): hpdftex.

(/usr/share/texlive/texmf-dist/tex/latex/hyperref/hpdftex.def
File: hpdftex.def 2020-05-15 v7.00e Hyperref driver for pdfTeX

(/usr/share/texlive/texmf-dist/tex/latex/base/atveryend-ltx.sty
Package: atveryend-ltx 2020/08/19 v1.0a Emulation of the original atvery packag
e
with kernel methods
)
\Fld@listcount=\count307
\c@bookmark@seq@number=\count308

(/usr/share/texlive/texmf-dist/tex/latex/rerunfilecheck/rerunfilecheck.sty
Package: rerunfilecheck 2019/12/05 v1.9 Rerun checks for auxiliary files (HO)

(/usr/share/texlive/texmf-dist/tex/generic/uniquecounter/uniquecounter.sty
Package: uniquecounter 2019/12/15 v1.4 Provide unlimited unique counter (HO)
)
Package uniquecounter Info: New unique counter `rerunfilecheck' on input line 2
86.
)
\Hy@SectionHShift=\skip104
)
(/usr/share/texlive/texmf-dist/tex/latex/caption/subcaption.sty
Package: subcaption 2020/10/07 v1.3j Sub-captions (AR)

(/usr/share/texlive/texmf-dist/tex/latex/caption/caption.sty
Package: caption 2020/10/26 v3.5g Customizing captions (AR)

(/usr/share/texlive/texmf-dist/tex/latex/caption/caption3.sty
Package: caption3 2020/10/21 v2.2e caption3 kernel (AR)
\captionmargin=\dimen276
\captionmargin@=\dimen277
\captionwidth=\dimen278
\caption@tempdima=\dimen279
\caption@indent=\dimen280
\caption@parindent=\dimen281
\caption@hangindent=\dimen282
Package caption Info: KOMA-Script document class detected.

(/usr/share/texlive/texmf-dist/tex/latex/caption/caption-koma.sto
File: caption-koma.sto 2020/09/21 v2.0b Adaption of the caption package to the 
KOMA-Script document classes (AR)
))
\c@caption@flags=\count309
\c@continuedfloat=\count310
Package caption Info: hyperref package is loaded.
)
\c@subfigure=\count311
\c@subtable=\count312
)
(/usr/share/texlive/texmf-dist/tex/latex/mathtools/empheq.sty
Package: empheq 2017/03/31 v2.15 Emphasizing equations

(/usr/share/texlive/texmf-dist/tex/latex/mathtools/mhsetup.sty
Package: mhsetup 2017/03/31 v1.3 programming setup (MH)
)
(/usr/share/texlive/texmf-dist/tex/latex/mathtools/mathtools.sty
Package: mathtools 2020/03/24 v1.24 mathematical typesetting tools

(/usr/share/texlive/texmf-dist/tex/latex/tools/calc.sty
Package: calc 2017/05/25 v4.3 Infix arithmetic (KKT,FJ)
\calc@Acount=\count313
\calc@Bcount=\count314
\calc@Adimen=\dimen283
\calc@Bdimen=\dimen284
\calc@Askip=\skip105
\calc@Bskip=\skip106
LaTeX Info: Redefining \setlength on input line 80.
LaTeX Info: Redefining \addtolength on input line 81.
\calc@Ccount=\count315
\calc@Cskip=\skip107
)
LaTeX Info: Thecontrolsequence`\('isalreadyrobust on input line 130.
LaTeX Info: Thecontrolsequence`\)'isalreadyrobust on input line 130.
LaTeX Info: Thecontrolsequence`\['isalreadyrobust on input line 130.
LaTeX Info: Thecontrolsequence`\]'isalreadyrobust on input line 130.
\g_MT_multlinerow_int=\count316
\l_MT_multwidth_dim=\dimen285
\origjot=\skip108
\l_MT_shortvdotswithinadjustabove_dim=\dimen286
\l_MT_shortvdotswithinadjustbelow_dim=\dimen287
\l_MT_above_intertext_sep=\dimen288
\l_MT_below_intertext_sep=\dimen289
\l_MT_above_shortintertext_sep=\dimen290
\l_MT_below_shortintertext_sep=\dimen291
\xmathstrut@box=\box65
\xmathstrut@dim=\dimen292
)
\l_EQ_equationtype_int=\count317
\l_EQ_alignmentmode_int=\count318
\l_EQ_totalwidth_dim=\dimen293
\l_EQ_displaywidth_dim=\dimen294
\l_EQ_temp_linewidth_dim=\dimen295
\l_EQ_linewidth_dim=\dimen296
\EmphEqdelimitershortfall=\dimen297
\EmphEqdelimiterfactor=\count319
\g_EQ_toptag_height_dim=\dimen298
\g_EQ_bottomtag_depth_dim=\dimen299
\g_EQ_toprow_height_dim=\dimen300
\g_EQ_bottomrow_depth_dim=\dimen301
\g_EQ_widesttag_dim=\dimen302
\EQ_mathdisplay_box=\box66
\EQ_tag_box=\box67
\g_EQ_temprow_int=\count320
)
(/usr/share/texlive/texmf-dist/tex/latex/bbm-macros/bbm.sty
Package: bbm 1999/03/15 V 1.2 provides fonts for set symbols - TH
LaTeX Font Info:    Overwriting math alphabet `\mathbbm' in version `bold'
(Font)                  U/bbm/m/n --> U/bbm/bx/n on input line 33.
LaTeX Font Info:    Overwriting math alphabet `\mathbbmss' in version `bold'
(Font)                  U/bbmss/m/n --> U/bbmss/bx/n on input line 35.
)
(/usr/share/texlive/texmf-dist/tex/latex/float/float.sty
Package: float 2001/11/08 v1.3d Float enhancements (AL)
\c@float@type=\count321
\float@exts=\toks45
\float@box=\box68
\@float@everytoks=\toks46
\@floatcapt=\box69
)
(/usr/share/texlive/texmf-dist/tex/latex/booktabs/booktabs.sty
Package: booktabs 2020/01/12 v1.61803398 Publication quality tables
\heavyrulewidth=\dimen303
\lightrulewidth=\dimen304
\cmidrulewidth=\dimen305
\belowrulesep=\dimen306
\belowbottomsep=\dimen307
\aboverulesep=\dimen308
\abovetopsep=\dimen309
\cmidrulesep=\dimen310
\cmidrulekern=\dimen311
\defaultaddspace=\dimen312
\@cmidla=\count322
\@cmidlb=\count323
\@aboverulesep=\dimen313
\@belowrulesep=\dimen314
\@thisruleclass=\count324
\@lastruleclass=\count325
\@thisrulewidth=\dimen315
)
LaTeX Info: Redefining \bf on input line 24.

(./mmsothesis-mixSHH.aux)
\openout1 = `mmsothesis-mixSHH.aux'.

LaTeX Font Info:    Checking defaults for OML/cmm/m/it on input line 80.
LaTeX Font Info:    ... okay on input line 80.
LaTeX Font Info:    Checking defaults for OMS/cmsy/m/n on input line 80.
LaTeX Font Info:    ... okay on input line 80.
LaTeX Font Info:    Checking defaults for OT1/cmr/m/n on input line 80.
LaTeX Font Info:    ... okay on input line 80.
LaTeX Font Info:    Checking defaults for T1/cmr/m/n on input line 80.
LaTeX Font Info:    ... okay on input line 80.
LaTeX Font Info:    Checking defaults for TS1/cmr/m/n on input line 80.
LaTeX Font Info:    ... okay on input line 80.
LaTeX Font Info:    Checking defaults for OMX/cmex/m/n on input line 80.
LaTeX Font Info:    ... okay on input line 80.
LaTeX Font Info:    Checking defaults for U/cmr/m/n on input line 80.
LaTeX Font Info:    ... okay on input line 80.
LaTeX Font Info:    Checking defaults for PD1/pdf/m/n on input line 80.
LaTeX Font Info:    ... okay on input line 80.
Package scrbase Info: activating english \contentsname on input line 80.
Package scrbase Info: activating english \listfigurename on input line 80.
Package scrbase Info: activating english \listtablename on input line 80.

(/usr/share/texlive/texmf-dist/tex/context/base/mkii/supp-pdf.mkii
[Loading MPS to PDF converter (version 2006.09.02).]
\scratchcounter=\count326
\scratchdimen=\dimen316
\scratchbox=\box70
\nofMPsegments=\count327
\nofMParguments=\count328
\everyMPshowfont=\toks47
\MPscratchCnt=\count329
\MPscratchDim=\dimen317
\MPnumerator=\count330
\makeMPintoPDFobject=\count331
\everyMPtoPDFconversion=\toks48
) (/usr/share/texlive/texmf-dist/tex/latex/epstopdf-pkg/epstopdf-base.sty
Package: epstopdf-base 2020-01-24 v2.11 Base part for package epstopdf
Package epstopdf-base Info: Redefining graphics rule for `.eps' on input line 4
85.

(/usr/share/texlive/texmf-dist/tex/latex/latexconfig/epstopdf-sys.cfg
File: epstopdf-sys.cfg 2010/07/13 v1.3 Configuration of (r)epstopdf for TeX Liv
e
))
Package pgfplots notification 'compat/show suggested version=true': document ha
s been generated with the most recent feature set (\pgfplotsset{compat=1.17}).

Package hyperref Info: Link coloring OFF on input line 80.
(/usr/share/texlive/texmf-dist/tex/latex/hyperref/nameref.sty
Package: nameref 2019/09/16 v2.46 Cross-referencing by name of section

(/usr/share/texlive/texmf-dist/tex/latex/refcount/refcount.sty
Package: refcount 2019/12/15 v3.6 Data extraction from label references (HO)
)
(/usr/share/texlive/texmf-dist/tex/generic/gettitlestring/gettitlestring.sty
Package: gettitlestring 2019/12/15 v1.6 Cleanup title references (HO)
)
\c@section@level=\count332
)
LaTeX Info: Redefining \ref on input line 80.
LaTeX Info: Redefining \pageref on input line 80.
LaTeX Info: Redefining \nameref on input line 80.

(./mmsothesis-mixSHH.out) (./mmsothesis-mixSHH.out)
\@outlinefile=\write4
\openout4 = `mmsothesis-mixSHH.out'.

Class scrreprt Info: loading recommended package `bookmark'.
(scrreprt)           Using `bookmark' together with `hyperref' is recommended,
(scrreprt)           because of handling of possible bookmark level gaps.
(scrreprt)           You can avoid loading `bookmark' with KOMA-Script option
(scrreprt)           `bookmarkpackage=false' before \begin{document} and
(scrreprt)           you can avoid this message adding:
(scrreprt)             \usepackage{bookmark}
(scrreprt)           before \begin{document} on input line 80.

(/usr/share/texlive/texmf-dist/tex/latex/bookmark/bookmark.sty
Package: bookmark 2020-11-06 v1.29 PDF bookmarks (HO)

(/usr/share/texlive/texmf-dist/tex/latex/bookmark/bkm-pdftex.def
File: bkm-pdftex.def 2020-11-06 v1.29 bookmark driver for pdfTeX (HO)
\BKM@id=\count333
))
Package caption Info: Begin \AtBeginDocument code.
Package caption Info: float package is loaded.
Package caption Info: End \AtBeginDocument code.
<uniFB3-logo.pdf, id=7, 957.5775pt x 285.065pt>
File: uniFB3-logo.pdf Graphic file (type pdf)
<use uniFB3-logo.pdf>
Package pdftex.def Info: uniFB3-logo.pdf  used on input line 82.
(pdftex.def)             Requested size: 142.26378pt x 42.34903pt.
LaTeX Font Info:    Trying to load font information for U+msa on input line 82.


(/usr/share/texlive/texmf-dist/tex/latex/amsfonts/umsa.fd
File: umsa.fd 2013/01/14 v3.01 AMS symbols A
)
LaTeX Font Info:    Trying to load font information for U+msb on input line 82.


(/usr/share/texlive/texmf-dist/tex/latex/amsfonts/umsb.fd
File: umsb.fd 2013/01/14 v3.01 AMS symbols B
) [1



{/var/lib/texmf/fonts/map/pdftex/updmap/pdftex.map} <./uniFB3-logo.pdf>]
Underfull \hbox (badness 10000) in paragraph at lines 86--87

 []

[1

] [2

] [3

] (./mmsothesis-mixSHH.toc)
\tf@toc=\write5
\openout5 = `mmsothesis-mixSHH.toc'.

pdfTeX warning (ext4): destination with the same identifier (name{page.1}) has 
been already used, duplicate ignored
<to be read again> 
                   \relax 
l.103 \newpage
               [1] (./mmsothesis-mixSHH.lot)
\tf@lot=\write6
\openout6 = `mmsothesis-mixSHH.lot'.

 [2] (./mmsothesis-mixSHH.lof)
\tf@lof=\write7
\openout7 = `mmsothesis-mixSHH.lof'.

\c@definition=\count334

[3


]
chapter 1.

Class scrreprt Warning: \float@addtolists detected!
(scrreprt)              Implementation of \float@addtolist became
(scrreprt)              deprecated in KOMA-Script v3.01 2008/11/14 and
(scrreprt)              has been replaced by several more flexible
(scrreprt)              features of package `tocbasic`.
(scrreprt)              Since Version 3.12 support for deprecated
(scrreprt)              \float@addtolist interface has been
(scrreprt)              restricted to only some of the KOMA-Script
(scrreprt)              features and been removed from others.
(scrreprt)              Loading of package `scrhack' may help to
(scrreprt)              avoid this warning, if you are using a
(scrreprt)              a package that still implements the
(scrreprt)              deprecated \float@addtolist interface.


Underfull \hbox (badness 10000) in paragraph at lines 156--157

 []


Underfull \hbox (badness 10000) in paragraph at lines 158--159

 []


Underfull \hbox (badness 10000) in paragraph at lines 160--161

 []


Underfull \hbox (badness 10000) in paragraph at lines 162--163

 []

[4

]
Underfull \hbox (badness 10000) in paragraph at lines 164--165

 []


Underfull \hbox (badness 10000) in paragraph at lines 166--167

 []

[5]
chapter 2.

Underfull \hbox (badness 10000) in paragraph at lines 171--172

 []


Underfull \hbox (badness 10000) in paragraph at lines 173--174

 []


Underfull \vbox (badness 10000) has occurred while \output is active []

 [6

]
Overfull \hbox (7.10109pt too wide) in paragraph at lines 186--197
 [][] 
 []


Underfull \hbox (badness 10000) in paragraph at lines 201--220

 []


Underfull \hbox (badness 10000) in paragraph at lines 201--220

 []


Underfull \hbox (badness 10000) in paragraph at lines 201--220

 []

[7] [8]
Underfull \hbox (badness 10000) in paragraph at lines 280--284

 []


Underfull \hbox (badness 10000) in paragraph at lines 286--290

 []

[9]
Underfull \hbox (badness 10000) in paragraph at lines 305--306

 []


Underfull \hbox (badness 10000) in paragraph at lines 309--312

 []

[10] [11] [12]
Underfull \vbox (badness 3386) has occurred while \output is active []

 [13]
Underfull \hbox (badness 10000) in paragraph at lines 433--434

 []


Underfull \hbox (badness 10000) in paragraph at lines 435--436

 []


Underfull \vbox (badness 1603) has occurred while \output is active []

 [14]
Underfull \hbox (badness 10000) in paragraph at lines 454--455

 []


Underfull \hbox (badness 10000) in paragraph at lines 459--461

 []


Underfull \hbox (badness 10000) in paragraph at lines 462--463

 []

[15] [16] [17] [18]
Underfull \hbox (badness 10000) in paragraph at lines 627--628

 []


Overfull \hbox (12.44948pt too wide) in paragraph at lines 630--635
[] []\OT1/cmss/bx/n/10.95 Equilibrium point in en-demic equi-lib-rium[] \OT1/cm
r/m/n/10.95 The equi-lib-ria found at state $\OML/cmm/m/it/10.95 P[]$ \OT1/cmr/
m/n/10.95 of $(\OML/cmm/m/it/10.95 P[]; P[]; P[]\OT1/cmr/m/n/10.95 ) =
 []

[19] [20]
chapter 3.

Underfull \hbox (badness 10000) in paragraph at lines 725--728

 []


Underfull \hbox (badness 10000) in paragraph at lines 729--730

 []

[21

]
Underfull \hbox (badness 10000) in paragraph at lines 731--733

 []

<sim/01g1.pdf, id=421, 433.62pt x 289.08pt>
File: sim/01g1.pdf Graphic file (type pdf)
<use sim/01g1.pdf>
Package pdftex.def Info: sim/01g1.pdf  used on input line 741.
(pdftex.def)             Requested size: 169.0068pt x 112.67017pt.
<sim/021_g2.pdf, id=422, 433.62pt x 289.08pt>
File: sim/021_g2.pdf Graphic file (type pdf)
<use sim/021_g2.pdf>
Package pdftex.def Info: sim/021_g2.pdf  used on input line 746.
(pdftex.def)             Requested size: 169.0068pt x 112.67017pt.
<sim/031_g4.pdf, id=423, 433.62pt x 289.08pt>
File: sim/031_g4.pdf Graphic file (type pdf)
<use sim/031_g4.pdf>
Package pdftex.def Info: sim/031_g4.pdf  used on input line 751.
(pdftex.def)             Requested size: 169.0068pt x 112.67017pt.
<sim/041_g5.pdf, id=424, 433.62pt x 289.08pt>
File: sim/041_g5.pdf Graphic file (type pdf)
<use sim/041_g5.pdf>
Package pdftex.def Info: sim/041_g5.pdf  used on input line 756.
(pdftex.def)             Requested size: 169.0068pt x 112.67017pt.

Underfull \hbox (badness 10000) in paragraph at lines 765--766

 []

[22 <./sim/01g1.pdf> <./sim/021_g2.pdf> <./sim/031_g4.pdf> <./sim/041_g5.pdf>]
Underfull \hbox (badness 10000) in paragraph at lines 767--769

 []


Underfull \vbox (badness 10000) has occurred while \output is active []

 [23]
Underfull \vbox (badness 10000) has occurred while \output is active []

 [24]
File: sim/01g1.pdf Graphic file (type pdf)
<use sim/01g1.pdf>
Package pdftex.def Info: sim/01g1.pdf  used on input line 868.
(pdftex.def)             Requested size: 169.0068pt x 112.67017pt.
<sim/022_g6.pdf, id=601, 433.62pt x 289.08pt>
File: sim/022_g6.pdf Graphic file (type pdf)
<use sim/022_g6.pdf>
Package pdftex.def Info: sim/022_g6.pdf  used on input line 873.
(pdftex.def)             Requested size: 169.0068pt x 112.67017pt.
<sim/032_g11.pdf, id=602, 433.62pt x 289.08pt>
File: sim/032_g11.pdf Graphic file (type pdf)
<use sim/032_g11.pdf>
Package pdftex.def Info: sim/032_g11.pdf  used on input line 878.
(pdftex.def)             Requested size: 169.0068pt x 112.67017pt.
<sim/042_g16.pdf, id=603, 433.62pt x 289.08pt>
File: sim/042_g16.pdf Graphic file (type pdf)
<use sim/042_g16.pdf>
Package pdftex.def Info: sim/042_g16.pdf  used on input line 883.
(pdftex.def)             Requested size: 169.0068pt x 112.67017pt.

Underfull \vbox (badness 10000) has occurred while \output is active []

 [25]
[26 <./sim/022_g6.pdf> <./sim/032_g11.pdf> <./sim/042_g16.pdf>]
Underfull \vbox (badness 7468) has occurred while \output is active []

 [27]
File: sim/01g1.pdf Graphic file (type pdf)
<use sim/01g1.pdf>
Package pdftex.def Info: sim/01g1.pdf  used on input line 971.
(pdftex.def)             Requested size: 169.0068pt x 112.67017pt.
<sim/023_b6.pdf, id=727, 433.62pt x 289.08pt>
File: sim/023_b6.pdf Graphic file (type pdf)
<use sim/023_b6.pdf>
Package pdftex.def Info: sim/023_b6.pdf  used on input line 976.
(pdftex.def)             Requested size: 169.0068pt x 112.67017pt.
<sim/033_a1.pdf, id=728, 433.62pt x 289.08pt>
File: sim/033_a1.pdf Graphic file (type pdf)
<use sim/033_a1.pdf>
Package pdftex.def Info: sim/033_a1.pdf  used on input line 981.
(pdftex.def)             Requested size: 169.0068pt x 112.67017pt.
<sim/033_a2_5.pdf, id=729, 463.7325pt x 347.2975pt>
File: sim/033_a2_5.pdf Graphic file (type pdf)
<use sim/033_a2_5.pdf>
Package pdftex.def Info: sim/033_a2_5.pdf  used on input line 986.
(pdftex.def)             Requested size: 169.0068pt x 126.5744pt.
<sim/043_a3.pdf, id=730, 433.62pt x 289.08pt>
File: sim/043_a3.pdf Graphic file (type pdf)
<use sim/043_a3.pdf>
Package pdftex.def Info: sim/043_a3.pdf  used on input line 991.
(pdftex.def)             Requested size: 169.0068pt x 112.67017pt.

[28 <./sim/023_b6.pdf> <./sim/033_a1.pdf> <./sim/033_a2_5.pdf> <./sim/043_a3.pd
f>]
Underfull \vbox (badness 10000) has occurred while \output is active []

 [29]
Package epstopdf Info: Source file: <graph/stability.eps>
(epstopdf)                    date: 2023-10-22 23:05:17
(epstopdf)                    size: 161382 bytes
(epstopdf)             Output file: <graph/stability-eps-converted-to.pdf>
(epstopdf)                    date: 2023-10-25 23:56:02
(epstopdf)                    size: 39306 bytes
(epstopdf)             Command: <repstopdf --outfile=graph/stability-eps-conver
ted-to.pdf graph/stability.eps>
(epstopdf)             \includegraphics on input line 1085.
Package epstopdf Info: Output file is already uptodate.
<graph/stability-eps-converted-to.pdf, id=896, 722.7pt x 433.62pt>
File: graph/stability-eps-converted-to.pdf Graphic file (type pdf)
<use graph/stability-eps-converted-to.pdf>
Package pdftex.def Info: graph/stability-eps-converted-to.pdf  used on input li
ne 1085.
(pdftex.def)             Requested size: 331.9498pt x 199.16928pt.

[30] [31 <./graph/stability-eps-converted-to.pdf>]
Underfull \hbox (badness 10000) in paragraph at lines 1116--1119

 []


Underfull \vbox (badness 5681) has occurred while \output is active []

 [32]
Underfull \hbox (badness 10000) in paragraph at lines 1136--1139

 []


Underfull \hbox (badness 10000) in paragraph at lines 1157--1161

 []

[33]
Underfull \hbox (badness 10000) in paragraph at lines 1164--1165

 []

Package epstopdf Info: Source file: <phase_portrait/01g1.eps>
(epstopdf)                    date: 2023-11-21 22:09:28
(epstopdf)                    size: 127365 bytes
(epstopdf)             Output file: <phase_portrait/01g1-eps-converted-to.pdf>
(epstopdf)                    date: 2023-11-21 22:09:28
(epstopdf)                    size: 33370 bytes
(epstopdf)             Command: <repstopdf --outfile=phase_portrait/01g1-eps-co
nverted-to.pdf phase_portrait/01g1.eps>
(epstopdf)             \includegraphics on input line 1184.
Package epstopdf Info: Output file is already uptodate.
<phase_portrait/01g1-eps-converted-to.pdf, id=1014, 457.71pt x 341.275pt>
File: phase_portrait/01g1-eps-converted-to.pdf Graphic file (type pdf)
<use phase_portrait/01g1-eps-converted-to.pdf>
Package pdftex.def Info: phase_portrait/01g1-eps-converted-to.pdf  used on inpu
t line 1184.
(pdftex.def)             Requested size: 169.0068pt x 126.0146pt.
Package epstopdf Info: Source file: <phase_portrait/01g1s.eps>
(epstopdf)                    date: 2023-11-21 22:09:28
(epstopdf)                    size: 145260 bytes
(epstopdf)             Output file: <phase_portrait/01g1s-eps-converted-to.pdf>

(epstopdf)                    date: 2023-11-21 22:09:28
(epstopdf)                    size: 25380 bytes
(epstopdf)             Command: <repstopdf --outfile=phase_portrait/01g1s-eps-c
onverted-to.pdf phase_portrait/01g1s.eps>
(epstopdf)             \includegraphics on input line 1189.
Package epstopdf Info: Output file is already uptodate.
<phase_portrait/01g1s-eps-converted-to.pdf, id=1015, 457.71pt x 341.275pt>
File: phase_portrait/01g1s-eps-converted-to.pdf Graphic file (type pdf)
<use phase_portrait/01g1s-eps-converted-to.pdf>
Package pdftex.def Info: phase_portrait/01g1s-eps-converted-to.pdf  used on inp
ut line 1189.
(pdftex.def)             Requested size: 169.0068pt x 126.0146pt.
Package epstopdf Info: Source file: <phase_portrait/021_g2.eps>
(epstopdf)                    date: 2023-11-21 22:09:28
(epstopdf)                    size: 127390 bytes
(epstopdf)             Output file: <phase_portrait/021_g2-eps-converted-to.pdf
>
(epstopdf)                    date: 2023-11-21 22:09:28
(epstopdf)                    size: 33375 bytes
(epstopdf)             Command: <repstopdf --outfile=phase_portrait/021_g2-eps-
converted-to.pdf phase_portrait/021_g2.eps>
(epstopdf)             \includegraphics on input line 1194.
Package epstopdf Info: Output file is already uptodate.
<phase_portrait/021_g2-eps-converted-to.pdf, id=1016, 457.71pt x 341.275pt>
File: phase_portrait/021_g2-eps-converted-to.pdf Graphic file (type pdf)
<use phase_portrait/021_g2-eps-converted-to.pdf>
Package pdftex.def Info: phase_portrait/021_g2-eps-converted-to.pdf  used on in
put line 1194.
(pdftex.def)             Requested size: 169.0068pt x 126.0146pt.
Package epstopdf Info: Source file: <phase_portrait/021_g2s.eps>
(epstopdf)                    date: 2023-11-21 22:09:28
(epstopdf)                    size: 150140 bytes
(epstopdf)             Output file: <phase_portrait/021_g2s-eps-converted-to.pd
f>
(epstopdf)                    date: 2023-11-21 22:09:28
(epstopdf)                    size: 25945 bytes
(epstopdf)             Command: <repstopdf --outfile=phase_portrait/021_g2s-eps
-converted-to.pdf phase_portrait/021_g2s.eps>
(epstopdf)             \includegraphics on input line 1199.
Package epstopdf Info: Output file is already uptodate.
<phase_portrait/021_g2s-eps-converted-to.pdf, id=1017, 457.71pt x 341.275pt>
File: phase_portrait/021_g2s-eps-converted-to.pdf Graphic file (type pdf)
<use phase_portrait/021_g2s-eps-converted-to.pdf>
Package pdftex.def Info: phase_portrait/021_g2s-eps-converted-to.pdf  used on i
nput line 1199.
(pdftex.def)             Requested size: 169.0068pt x 126.0146pt.
Package epstopdf Info: Source file: <phase_portrait/031_g4.eps>
(epstopdf)                    date: 2023-11-21 22:09:28
(epstopdf)                    size: 127396 bytes
(epstopdf)             Output file: <phase_portrait/031_g4-eps-converted-to.pdf
>
(epstopdf)                    date: 2023-11-21 22:09:28
(epstopdf)                    size: 33570 bytes
(epstopdf)             Command: <repstopdf --outfile=phase_portrait/031_g4-eps-
converted-to.pdf phase_portrait/031_g4.eps>
(epstopdf)             \includegraphics on input line 1204.
Package epstopdf Info: Output file is already uptodate.
<phase_portrait/031_g4-eps-converted-to.pdf, id=1018, 457.71pt x 341.275pt>
File: phase_portrait/031_g4-eps-converted-to.pdf Graphic file (type pdf)
<use phase_portrait/031_g4-eps-converted-to.pdf>
Package pdftex.def Info: phase_portrait/031_g4-eps-converted-to.pdf  used on in
put line 1204.
(pdftex.def)             Requested size: 169.0068pt x 126.0146pt.
Package epstopdf Info: Source file: <phase_portrait/031_g4s.eps>
(epstopdf)                    date: 2023-11-21 22:09:28
(epstopdf)                    size: 142719 bytes
(epstopdf)             Output file: <phase_portrait/031_g4s-eps-converted-to.pd
f>
(epstopdf)                    date: 2023-11-21 22:09:28
(epstopdf)                    size: 25205 bytes
(epstopdf)             Command: <repstopdf --outfile=phase_portrait/031_g4s-eps
-converted-to.pdf phase_portrait/031_g4s.eps>
(epstopdf)             \includegraphics on input line 1209.
Package epstopdf Info: Output file is already uptodate.
<phase_portrait/031_g4s-eps-converted-to.pdf, id=1019, 457.71pt x 341.275pt>
File: phase_portrait/031_g4s-eps-converted-to.pdf Graphic file (type pdf)
<use phase_portrait/031_g4s-eps-converted-to.pdf>
Package pdftex.def Info: phase_portrait/031_g4s-eps-converted-to.pdf  used on i
nput line 1209.
(pdftex.def)             Requested size: 169.0068pt x 126.0146pt.
Package epstopdf Info: Source file: <phase_portrait/041_g5.eps>
(epstopdf)                    date: 2023-11-21 22:09:28
(epstopdf)                    size: 127330 bytes
(epstopdf)             Output file: <phase_portrait/041_g5-eps-converted-to.pdf
>
(epstopdf)                    date: 2023-11-21 22:09:28
(epstopdf)                    size: 33565 bytes
(epstopdf)             Command: <repstopdf --outfile=phase_portrait/041_g5-eps-
converted-to.pdf phase_portrait/041_g5.eps>
(epstopdf)             \includegraphics on input line 1214.
Package epstopdf Info: Output file is already uptodate.
<phase_portrait/041_g5-eps-converted-to.pdf, id=1020, 457.71pt x 341.275pt>
File: phase_portrait/041_g5-eps-converted-to.pdf Graphic file (type pdf)
<use phase_portrait/041_g5-eps-converted-to.pdf>
Package pdftex.def Info: phase_portrait/041_g5-eps-converted-to.pdf  used on in
put line 1214.
(pdftex.def)             Requested size: 169.0068pt x 126.0146pt.
Package epstopdf Info: Source file: <phase_portrait/041_g5s.eps>
(epstopdf)                    date: 2023-11-21 22:09:28
(epstopdf)                    size: 140936 bytes
(epstopdf)             Output file: <phase_portrait/041_g5s-eps-converted-to.pd
f>
(epstopdf)                    date: 2023-11-21 22:09:28
(epstopdf)                    size: 25114 bytes
(epstopdf)             Command: <repstopdf --outfile=phase_portrait/041_g5s-eps
-converted-to.pdf phase_portrait/041_g5s.eps>
(epstopdf)             \includegraphics on input line 1219.
Package epstopdf Info: Output file is already uptodate.
<phase_portrait/041_g5s-eps-converted-to.pdf, id=1021, 457.71pt x 341.275pt>
File: phase_portrait/041_g5s-eps-converted-to.pdf Graphic file (type pdf)
<use phase_portrait/041_g5s-eps-converted-to.pdf>
Package pdftex.def Info: phase_portrait/041_g5s-eps-converted-to.pdf  used on i
nput line 1219.
(pdftex.def)             Requested size: 169.0068pt x 126.0146pt.
[34]
Overfull \vbox (6.85814pt too high) has occurred while \output is active []


[35 <./phase_portrait/01g1-eps-converted-to.pdf> <./phase_portrait/01g1s-eps-co
nverted-to.pdf> <./phase_portrait/021_g2-eps-converted-to.pdf> <./phase_portrai
t/021_g2s-eps-converted-to.pdf> <./phase_portrait/031_g4-eps-converted-to.pdf> 
<./phase_portrait/031_g4s-eps-converted-to.pdf> <./phase_portrait/041_g5-eps-co
nverted-to.pdf> <./phase_portrait/041_g5s-eps-converted-to.pdf>]
Package epstopdf Info: Source file: <phase_portrait/01g1.eps>
(epstopdf)                    date: 2023-11-21 22:09:28
(epstopdf)                    size: 127365 bytes
(epstopdf)             Output file: <phase_portrait/01g1-eps-converted-to.pdf>
(epstopdf)                    date: 2023-11-21 22:09:28
(epstopdf)                    size: 33370 bytes
(epstopdf)             Command: <repstopdf --outfile=phase_portrait/01g1-eps-co
nverted-to.pdf phase_portrait/01g1.eps>
(epstopdf)             \includegraphics on input line 1233.
Package epstopdf Info: Output file is already uptodate.
File: phase_portrait/01g1-eps-converted-to.pdf Graphic file (type pdf)
<use phase_portrait/01g1-eps-converted-to.pdf>
Package pdftex.def Info: phase_portrait/01g1-eps-converted-to.pdf  used on inpu
t line 1233.
(pdftex.def)             Requested size: 169.0068pt x 126.0146pt.
Package epstopdf Info: Source file: <phase_portrait/01g1s.eps>
(epstopdf)                    date: 2023-11-21 22:09:28
(epstopdf)                    size: 145260 bytes
(epstopdf)             Output file: <phase_portrait/01g1s-eps-converted-to.pdf>

(epstopdf)                    date: 2023-11-21 22:09:28
(epstopdf)                    size: 25380 bytes
(epstopdf)             Command: <repstopdf --outfile=phase_portrait/01g1s-eps-c
onverted-to.pdf phase_portrait/01g1s.eps>
(epstopdf)             \includegraphics on input line 1238.
Package epstopdf Info: Output file is already uptodate.
File: phase_portrait/01g1s-eps-converted-to.pdf Graphic file (type pdf)
<use phase_portrait/01g1s-eps-converted-to.pdf>
Package pdftex.def Info: phase_portrait/01g1s-eps-converted-to.pdf  used on inp
ut line 1238.
(pdftex.def)             Requested size: 169.0068pt x 126.0146pt.
Package epstopdf Info: Source file: <phase_portrait/022_g6.eps>
(epstopdf)                    date: 2023-11-21 22:09:28
(epstopdf)                    size: 127376 bytes
(epstopdf)             Output file: <phase_portrait/022_g6-eps-converted-to.pdf
>
(epstopdf)                    date: 2023-11-21 22:09:28
(epstopdf)                    size: 33288 bytes
(epstopdf)             Command: <repstopdf --outfile=phase_portrait/022_g6-eps-
converted-to.pdf phase_portrait/022_g6.eps>
(epstopdf)             \includegraphics on input line 1244.
Package epstopdf Info: Output file is already uptodate.
<phase_portrait/022_g6-eps-converted-to.pdf, id=1255, 457.71pt x 341.275pt>
File: phase_portrait/022_g6-eps-converted-to.pdf Graphic file (type pdf)
<use phase_portrait/022_g6-eps-converted-to.pdf>
Package pdftex.def Info: phase_portrait/022_g6-eps-converted-to.pdf  used on in
put line 1244.
(pdftex.def)             Requested size: 169.0068pt x 126.0146pt.
Package epstopdf Info: Source file: <phase_portrait/022_g6s.eps>
(epstopdf)                    date: 2023-11-21 22:09:28
(epstopdf)                    size: 150356 bytes
(epstopdf)             Output file: <phase_portrait/022_g6s-eps-converted-to.pd
f>
(epstopdf)                    date: 2023-11-21 22:09:28
(epstopdf)                    size: 25981 bytes
(epstopdf)             Command: <repstopdf --outfile=phase_portrait/022_g6s-eps
-converted-to.pdf phase_portrait/022_g6s.eps>
(epstopdf)             \includegraphics on input line 1249.
Package epstopdf Info: Output file is already uptodate.
<phase_portrait/022_g6s-eps-converted-to.pdf, id=1256, 457.71pt x 341.275pt>
File: phase_portrait/022_g6s-eps-converted-to.pdf Graphic file (type pdf)
<use phase_portrait/022_g6s-eps-converted-to.pdf>
Package pdftex.def Info: phase_portrait/022_g6s-eps-converted-to.pdf  used on i
nput line 1249.
(pdftex.def)             Requested size: 169.0068pt x 126.0146pt.
Package epstopdf Info: Source file: <phase_portrait/032_g11.eps>
(epstopdf)                    date: 2023-11-21 22:09:28
(epstopdf)                    size: 127375 bytes
(epstopdf)             Output file: <phase_portrait/032_g11-eps-converted-to.pd
f>
(epstopdf)                    date: 2023-11-21 22:09:28
(epstopdf)                    size: 33189 bytes
(epstopdf)             Command: <repstopdf --outfile=phase_portrait/032_g11-eps
-converted-to.pdf phase_portrait/032_g11.eps>
(epstopdf)             \includegraphics on input line 1254.
Package epstopdf Info: Output file is already uptodate.
<phase_portrait/032_g11-eps-converted-to.pdf, id=1257, 457.71pt x 341.275pt>
File: phase_portrait/032_g11-eps-converted-to.pdf Graphic file (type pdf)
<use phase_portrait/032_g11-eps-converted-to.pdf>
Package pdftex.def Info: phase_portrait/032_g11-eps-converted-to.pdf  used on i
nput line 1254.
(pdftex.def)             Requested size: 169.0068pt x 126.0146pt.
Package epstopdf Info: Source file: <phase_portrait/032_g11s.eps>
(epstopdf)                    date: 2023-11-21 22:09:28
(epstopdf)                    size: 147760 bytes
(epstopdf)             Output file: <phase_portrait/032_g11s-eps-converted-to.p
df>
(epstopdf)                    date: 2023-11-21 22:09:28
(epstopdf)                    size: 25652 bytes
(epstopdf)             Command: <repstopdf --outfile=phase_portrait/032_g11s-ep
s-converted-to.pdf phase_portrait/032_g11s.eps>
(epstopdf)             \includegraphics on input line 1259.
Package epstopdf Info: Output file is already uptodate.
<phase_portrait/032_g11s-eps-converted-to.pdf, id=1258, 457.71pt x 341.275pt>
File: phase_portrait/032_g11s-eps-converted-to.pdf Graphic file (type pdf)
<use phase_portrait/032_g11s-eps-converted-to.pdf>
Package pdftex.def Info: phase_portrait/032_g11s-eps-converted-to.pdf  used on 
input line 1259.
(pdftex.def)             Requested size: 169.0068pt x 126.0146pt.
Package epstopdf Info: Source file: <phase_portrait/042_g16.eps>
(epstopdf)                    date: 2023-11-21 22:09:28
(epstopdf)                    size: 127372 bytes
(epstopdf)             Output file: <phase_portrait/042_g16-eps-converted-to.pd
f>
(epstopdf)                    date: 2023-11-21 22:09:28
(epstopdf)                    size: 33079 bytes
(epstopdf)             Command: <repstopdf --outfile=phase_portrait/042_g16-eps
-converted-to.pdf phase_portrait/042_g16.eps>
(epstopdf)             \includegraphics on input line 1264.
Package epstopdf Info: Output file is already uptodate.
<phase_portrait/042_g16-eps-converted-to.pdf, id=1259, 457.71pt x 341.275pt>
File: phase_portrait/042_g16-eps-converted-to.pdf Graphic file (type pdf)
<use phase_portrait/042_g16-eps-converted-to.pdf>
Package pdftex.def Info: phase_portrait/042_g16-eps-converted-to.pdf  used on i
nput line 1264.
(pdftex.def)             Requested size: 169.0068pt x 126.0146pt.
Package epstopdf Info: Source file: <phase_portrait/042_g16s.eps>
(epstopdf)                    date: 2023-11-21 22:09:28
(epstopdf)                    size: 144171 bytes
(epstopdf)             Output file: <phase_portrait/042_g16s-eps-converted-to.p
df>
(epstopdf)                    date: 2023-11-21 22:09:28
(epstopdf)                    size: 25646 bytes
(epstopdf)             Command: <repstopdf --outfile=phase_portrait/042_g16s-ep
s-converted-to.pdf phase_portrait/042_g16s.eps>
(epstopdf)             \includegraphics on input line 1269.
Package epstopdf Info: Output file is already uptodate.
<phase_portrait/042_g16s-eps-converted-to.pdf, id=1260, 457.71pt x 341.275pt>
File: phase_portrait/042_g16s-eps-converted-to.pdf Graphic file (type pdf)
<use phase_portrait/042_g16s-eps-converted-to.pdf>
Package pdftex.def Info: phase_portrait/042_g16s-eps-converted-to.pdf  used on 
input line 1269.
(pdftex.def)             Requested size: 169.0068pt x 126.0146pt.

Underfull \vbox (badness 10000) has occurred while \output is active []

 [36]
Overfull \vbox (16.85811pt too high) has occurred while \output is active []


[37 <./phase_portrait/022_g6-eps-converted-to.pdf> <./phase_portrait/022_g6s-ep
s-converted-to.pdf> <./phase_portrait/032_g11-eps-converted-to.pdf> <./phase_po
rtrait/032_g11s-eps-converted-to.pdf> <./phase_portrait/042_g16-eps-converted-t
o.pdf> <./phase_portrait/042_g16s-eps-converted-to.pdf>]
Package epstopdf Info: Source file: <phase_portrait/023_b6.eps>
(epstopdf)                    date: 2023-11-21 22:09:28
(epstopdf)                    size: 127375 bytes
(epstopdf)             Output file: <phase_portrait/023_b6-eps-converted-to.pdf
>
(epstopdf)                    date: 2023-11-21 22:09:28
(epstopdf)                    size: 33087 bytes
(epstopdf)             Command: <repstopdf --outfile=phase_portrait/023_b6-eps-
converted-to.pdf phase_portrait/023_b6.eps>
(epstopdf)             \includegraphics on input line 1286.
Package epstopdf Info: Output file is already uptodate.
<phase_portrait/023_b6-eps-converted-to.pdf, id=1435, 457.71pt x 341.275pt>
File: phase_portrait/023_b6-eps-converted-to.pdf Graphic file (type pdf)
<use phase_portrait/023_b6-eps-converted-to.pdf>
Package pdftex.def Info: phase_portrait/023_b6-eps-converted-to.pdf  used on in
put line 1286.
(pdftex.def)             Requested size: 169.0068pt x 126.0146pt.
Package epstopdf Info: Source file: <phase_portrait/023_b6s.eps>
(epstopdf)                    date: 2023-11-21 22:09:28
(epstopdf)                    size: 153850 bytes
(epstopdf)             Output file: <phase_portrait/023_b6s-eps-converted-to.pd
f>
(epstopdf)                    date: 2023-11-21 22:09:28
(epstopdf)                    size: 26684 bytes
(epstopdf)             Command: <repstopdf --outfile=phase_portrait/023_b6s-eps
-converted-to.pdf phase_portrait/023_b6s.eps>
(epstopdf)             \includegraphics on input line 1291.
Package epstopdf Info: Output file is already uptodate.
<phase_portrait/023_b6s-eps-converted-to.pdf, id=1436, 457.71pt x 341.275pt>
File: phase_portrait/023_b6s-eps-converted-to.pdf Graphic file (type pdf)
<use phase_portrait/023_b6s-eps-converted-to.pdf>
Package pdftex.def Info: phase_portrait/023_b6s-eps-converted-to.pdf  used on i
nput line 1291.
(pdftex.def)             Requested size: 169.0068pt x 126.0146pt.
Package epstopdf Info: Source file: <phase_portrait/033_a1.eps>
(epstopdf)                    date: 2023-11-21 22:09:28
(epstopdf)                    size: 127393 bytes
(epstopdf)             Output file: <phase_portrait/033_a1-eps-converted-to.pdf
>
(epstopdf)                    date: 2023-11-21 22:09:28
(epstopdf)                    size: 32870 bytes
(epstopdf)             Command: <repstopdf --outfile=phase_portrait/033_a1-eps-
converted-to.pdf phase_portrait/033_a1.eps>
(epstopdf)             \includegraphics on input line 1296.
Package epstopdf Info: Output file is already uptodate.
<phase_portrait/033_a1-eps-converted-to.pdf, id=1437, 457.71pt x 341.275pt>
File: phase_portrait/033_a1-eps-converted-to.pdf Graphic file (type pdf)
<use phase_portrait/033_a1-eps-converted-to.pdf>
Package pdftex.def Info: phase_portrait/033_a1-eps-converted-to.pdf  used on in
put line 1296.
(pdftex.def)             Requested size: 169.0068pt x 126.0146pt.
Package epstopdf Info: Source file: <phase_portrait/033_a1s.eps>
(epstopdf)                    date: 2023-11-21 22:09:28
(epstopdf)                    size: 150118 bytes
(epstopdf)             Output file: <phase_portrait/033_a1s-eps-converted-to.pd
f>
(epstopdf)                    date: 2023-11-21 22:09:28
(epstopdf)                    size: 26776 bytes
(epstopdf)             Command: <repstopdf --outfile=phase_portrait/033_a1s-eps
-converted-to.pdf phase_portrait/033_a1s.eps>
(epstopdf)             \includegraphics on input line 1301.
Package epstopdf Info: Output file is already uptodate.
<phase_portrait/033_a1s-eps-converted-to.pdf, id=1438, 457.71pt x 341.275pt>
File: phase_portrait/033_a1s-eps-converted-to.pdf Graphic file (type pdf)
<use phase_portrait/033_a1s-eps-converted-to.pdf>
Package pdftex.def Info: phase_portrait/033_a1s-eps-converted-to.pdf  used on i
nput line 1301.
(pdftex.def)             Requested size: 169.0068pt x 126.0146pt.
Package epstopdf Info: Source file: <phase_portrait/043_a3.eps>
(epstopdf)                    date: 2023-11-21 22:09:28
(epstopdf)                    size: 127409 bytes
(epstopdf)             Output file: <phase_portrait/043_a3-eps-converted-to.pdf
>
(epstopdf)                    date: 2023-11-25 22:02:07
(epstopdf)                    size: 32673 bytes
(epstopdf)             Command: <repstopdf --outfile=phase_portrait/043_a3-eps-
converted-to.pdf phase_portrait/043_a3.eps>
(epstopdf)             \includegraphics on input line 1306.
Package epstopdf Info: Output file is already uptodate.
<phase_portrait/043_a3-eps-converted-to.pdf, id=1439, 457.71pt x 341.275pt>
File: phase_portrait/043_a3-eps-converted-to.pdf Graphic file (type pdf)
<use phase_portrait/043_a3-eps-converted-to.pdf>
Package pdftex.def Info: phase_portrait/043_a3-eps-converted-to.pdf  used on in
put line 1306.
(pdftex.def)             Requested size: 169.0068pt x 126.0146pt.
Package epstopdf Info: Source file: <phase_portrait/043_a3s.eps>
(epstopdf)                    date: 2023-11-21 22:09:28
(epstopdf)                    size: 147979 bytes
(epstopdf)             Output file: <phase_portrait/043_a3s-eps-converted-to.pd
f>
(epstopdf)                    date: 2023-11-21 22:09:28
(epstopdf)                    size: 26084 bytes
(epstopdf)             Command: <repstopdf --outfile=phase_portrait/043_a3s-eps
-converted-to.pdf phase_portrait/043_a3s.eps>
(epstopdf)             \includegraphics on input line 1311.
Package epstopdf Info: Output file is already uptodate.
<phase_portrait/043_a3s-eps-converted-to.pdf, id=1440, 457.71pt x 341.275pt>
File: phase_portrait/043_a3s-eps-converted-to.pdf Graphic file (type pdf)
<use phase_portrait/043_a3s-eps-converted-to.pdf>
Package pdftex.def Info: phase_portrait/043_a3s-eps-converted-to.pdf  used on i
nput line 1311.
(pdftex.def)             Requested size: 169.0068pt x 126.0146pt.
Package epstopdf Info: Source file: <phase_portrait/043_a5.eps>
(epstopdf)                    date: 2023-11-21 22:09:28
(epstopdf)                    size: 127380 bytes
(epstopdf)             Output file: <phase_portrait/043_a5-eps-converted-to.pdf
>
(epstopdf)                    date: 2023-11-21 22:09:28
(epstopdf)                    size: 32766 bytes
(epstopdf)             Command: <repstopdf --outfile=phase_portrait/043_a5-eps-
converted-to.pdf phase_portrait/043_a5.eps>
(epstopdf)             \includegraphics on input line 1316.
Package epstopdf Info: Output file is already uptodate.
<phase_portrait/043_a5-eps-converted-to.pdf, id=1441, 457.71pt x 341.275pt>
File: phase_portrait/043_a5-eps-converted-to.pdf Graphic file (type pdf)
<use phase_portrait/043_a5-eps-converted-to.pdf>
Package pdftex.def Info: phase_portrait/043_a5-eps-converted-to.pdf  used on in
put line 1316.
(pdftex.def)             Requested size: 169.0068pt x 126.0146pt.
Package epstopdf Info: Source file: <phase_portrait/043_a5s.eps>
(epstopdf)                    date: 2023-11-21 22:09:28
(epstopdf)                    size: 144082 bytes
(epstopdf)             Output file: <phase_portrait/043_a5s-eps-converted-to.pd
f>
(epstopdf)                    date: 2023-11-21 22:09:28
(epstopdf)                    size: 25636 bytes
(epstopdf)             Command: <repstopdf --outfile=phase_portrait/043_a5s-eps
-converted-to.pdf phase_portrait/043_a5s.eps>
(epstopdf)             \includegraphics on input line 1321.
Package epstopdf Info: Output file is already uptodate.
<phase_portrait/043_a5s-eps-converted-to.pdf, id=1442, 457.71pt x 341.275pt>
File: phase_portrait/043_a5s-eps-converted-to.pdf Graphic file (type pdf)
<use phase_portrait/043_a5s-eps-converted-to.pdf>
Package pdftex.def Info: phase_portrait/043_a5s-eps-converted-to.pdf  used on i
nput line 1321.
(pdftex.def)             Requested size: 169.0068pt x 126.0146pt.

Underfull \vbox (badness 10000) has occurred while \output is active []

 [38]
Overfull \vbox (6.85814pt too high) has occurred while \output is active []


[39 <./phase_portrait/023_b6-eps-converted-to.pdf> <./phase_portrait/023_b6s-ep
s-converted-to.pdf> <./phase_portrait/033_a1-eps-converted-to.pdf> <./phase_por
trait/033_a1s-eps-converted-to.pdf> <./phase_portrait/043_a3-eps-converted-to.p
df> <./phase_portrait/043_a3s-eps-converted-to.pdf> <./phase_portrait/043_a5-ep
s-converted-to.pdf> <./phase_portrait/043_a5s-eps-converted-to.pdf>] [40]
chapter 4.

Underfull \hbox (badness 10000) in paragraph at lines 1333--1336

 []


Underfull \hbox (badness 10000) in paragraph at lines 1340--1341

 []

[41

] [42]
Underfull \hbox (badness 10000) in paragraph at lines 1365--1367

 []


Underfull \hbox (badness 10000) in paragraph at lines 1370--1371

 []

[43] [44]
chapter 5.
(./mmsothesis-mixSHH.bbl [45

]
chapter without number

Underfull \hbox (badness 10000) in paragraph at lines 20--23
[]\OT1/cmr/m/n/10.95 masterequation.  []$\OT1/cmtt/m/n/10.95 https : / / en . w
ikipedia . org / w / index . php ? title = Master _
 []


Underfull \hbox (badness 1990) in paragraph at lines 31--35
[]\OT1/cmr/m/n/10.95 Numpy.array.  []$\OT1/cmtt/m/n/10.95 https : / / numpy . o
rg / doc / stable / reference / generated / numpy .
 []


Underfull \hbox (badness 3612) in paragraph at lines 48--52
[]\OT1/cmr/m/n/10.95 Rk45 mod-ule.  []$\OT1/cmtt/m/n/10.95 https : / / docs . s
cipy . org / doc / scipy / reference / generated /
 []


Underfull \hbox (badness 7740) in paragraph at lines 54--58
[]\OT1/cmr/m/n/10.95 Streamlineplot.  []$\OT1/cmtt/m/n/10.95 https : / / doc . 
sagemath . org / html / en / reference / plotting /
 []


Underfull \hbox (badness 7740) in paragraph at lines 60--64
[]\OT1/cmr/m/n/10.95 Vectorfieldplot.  []$\OT1/cmtt/m/n/10.95 https : / / doc .
 sagemath . org / html / en / reference / plotting /
 []

[46

]) [47] (./mmsothesis-mixSHH.aux)
Package rerunfilecheck Info: File `mmsothesis-mixSHH.out' has not changed.
(rerunfilecheck)             Checksum: D41D8CD98F00B204E9800998ECF8427E;0.
 )
(\end occurred inside a group at level 1)

### simple group (level 1) entered at line 549 ({)
### bottom level 
Here is how much of TeX's memory you used:
 35223 strings out of 481209
 834780 string characters out of 5914746
 1387436 words of memory out of 5000000
 51339 multiletter control sequences out of 15000+600000
 417787 words of font info for 80 fonts, out of 8000000 for 9000
 36 hyphenation exceptions out of 8191
 111i,20n,116p,10626b,2441s stack positions out of 5000i,500n,10000p,200000b,80000s
 </home/shrawap8019/.texlive2020/texmf-var/fonts/pk/ljfour/jkna
ppen/ec/tcrm1095.600pk></usr/share/texlive/texmf-dist/fonts/type1/public/amsfon
ts/cm/cmbx10.pfb></usr/share/texlive/texmf-dist/fonts/type1/public/amsfonts/cm/
cmbx8.pfb></usr/share/texlive/texmf-dist/fonts/type1/public/amsfonts/cm/cmex10.
pfb></usr/share/texlive/texmf-dist/fonts/type1/public/amsfonts/cm/cmmi10.pfb></
usr/share/texlive/texmf-dist/fonts/type1/public/amsfonts/cm/cmmi6.pfb></usr/sha
re/texlive/texmf-dist/fonts/type1/public/amsfonts/cm/cmmi8.pfb></usr/share/texl
ive/texmf-dist/fonts/type1/public/amsfonts/cm/cmr10.pfb></usr/share/texlive/tex
mf-dist/fonts/type1/public/amsfonts/cm/cmr6.pfb></usr/share/texlive/texmf-dist/
fonts/type1/public/amsfonts/cm/cmr8.pfb></usr/share/texlive/texmf-dist/fonts/ty
pe1/public/amsfonts/cm/cmsl10.pfb></usr/share/texlive/texmf-dist/fonts/type1/pu
blic/amsfonts/cm/cmss12.pfb></usr/share/texlive/texmf-dist/fonts/type1/public/a
msfonts/cm/cmssbx10.pfb></usr/share/texlive/texmf-dist/fonts/type1/public/amsfo
nts/cm/cmsy10.pfb></usr/share/texlive/texmf-dist/fonts/type1/public/amsfonts/cm
/cmsy8.pfb></usr/share/texlive/texmf-dist/fonts/type1/public/amsfonts/cm/cmti10
.pfb></usr/share/texlive/texmf-dist/fonts/type1/public/amsfonts/cm/cmtt10.pfb><
/usr/share/texlive/texmf-dist/fonts/type1/public/amsfonts/symbols/msbm10.pfb>
Output written on mmsothesis-mixSHH.pdf (51 pages, 1109594 bytes).
PDF statistics:
 1887 PDF objects out of 2073 (max. 8388607)
 863 compressed objects within 9 object streams
 196 named destinations out of 1000 (max. 500000)
 284 words of extra memory for PDF output out of 10000 (max. 10000000)

